<?xml version="1.0" encoding="UTF-8"?>
<TestRun id="c6378a10-566e-4745-8f62-ed85e8dc7147" name="@josequMac 2017-01-17 10:39:30" xmlns="http://microsoft.com/schemas/VisualStudio/TeamTest/2010">
  <Times creation="2017-01-17T10:39:30.9542170-08:00" queuing="2017-01-17T10:39:30.9542630-08:00" start="2017-01-17T10:39:27.7784340-08:00" finish="2017-01-17T10:39:57.1294340-08:00" />
  <TestSettings name="default" id="fb54a8dd-887f-44a1-99f9-42211d641e00">
    <Deployment runDeploymentRoot="_josequMac 2017-01-17 10:39:30" />
  </TestSettings>
  <Results>
    <UnitTestResult executionId="c5f2cf66-fc58-41a9-a60b-95818f684f99" testId="59aa0839-9d62-425e-b192-16ef141010e8" testName="Microsoft.DotNet.Cli.Utils.Tests.GivenARootedCommandResolver.It_returns_a_CommandSpec_with_CommandName_as_Path_when_CommandName_is_rooted" computerName="josequMac" duration="00:00:00.0490000" startTime="2017-01-17T10:39:30.9620370-08:00" endTime="2017-01-17T10:39:30.9619770-08:00" testType="13cdc9d9-ddb5-4fa4-a97d-d965ccfc6d4b" outcome="Passed" testListId="8c84fa94-04c1-424b-9868-57a2d4851a1d" relativeResultsDirectory="c5f2cf66-fc58-41a9-a60b-95818f684f99" />
    <UnitTestResult executionId="0959168d-2c60-42d1-b164-d95fe1a1834e" testId="f5984b95-5178-4e02-832d-6a3d6116fb72" testName="Microsoft.DotNet.Cli.Utils.Tests.GivenARootedCommandResolver.It_returns_null_when_CommandName_is_not_rooted" computerName="josequMac" duration="00:00:00.0010000" startTime="2017-01-17T10:39:30.9628310-08:00" endTime="2017-01-17T10:39:30.9627960-08:00" testType="13cdc9d9-ddb5-4fa4-a97d-d965ccfc6d4b" outcome="Passed" testListId="8c84fa94-04c1-424b-9868-57a2d4851a1d" relativeResultsDirectory="0959168d-2c60-42d1-b164-d95fe1a1834e" />
    <UnitTestResult executionId="467df984-ed4a-4392-8f44-e352f7995560" testId="5ffda14a-1f2a-4a42-9815-b96bf849345c" testName="Microsoft.DotNet.Cli.Utils.Tests.GivenADefaultCommandResolver.It_contains_resolvers_in_the_right_order" computerName="josequMac" duration="00:00:00.0500000" startTime="2017-01-17T10:39:30.9630160-08:00" endTime="2017-01-17T10:39:30.9629800-08:00" testType="13cdc9d9-ddb5-4fa4-a97d-d965ccfc6d4b" outcome="Passed" testListId="8c84fa94-04c1-424b-9868-57a2d4851a1d" relativeResultsDirectory="467df984-ed4a-4392-8f44-e352f7995560" />
    <UnitTestResult executionId="b014cb90-e370-44d3-828f-6c0e07858937" testId="04869a2b-da7e-40ca-854c-368de3a22dc5" testName="Microsoft.DotNet.Cli.Utils.Tests.GivenAnAppBaseCommandResolver.It_returns_null_when_CommandName_exists_applocal_in_a_subdirectory" computerName="josequMac" duration="00:00:00.0490000" startTime="2017-01-17T10:39:30.9738870-08:00" endTime="2017-01-17T10:39:30.9738530-08:00" testType="13cdc9d9-ddb5-4fa4-a97d-d965ccfc6d4b" outcome="Passed" testListId="8c84fa94-04c1-424b-9868-57a2d4851a1d" relativeResultsDirectory="b014cb90-e370-44d3-828f-6c0e07858937" />
    <UnitTestResult executionId="7bb41cd1-f515-4ac2-b24c-5d8bdb530c66" testId="a3a1deb8-ac07-4a42-a278-a30b230b9578" testName="Microsoft.DotNet.Cli.Utils.BlockingMemoryStreamTests.TestReadBlocksUntilWrite" computerName="josequMac" duration="00:00:00.0520000" startTime="2017-01-17T10:39:30.9740940-08:00" endTime="2017-01-17T10:39:30.9740330-08:00" testType="13cdc9d9-ddb5-4fa4-a97d-d965ccfc6d4b" outcome="Passed" testListId="8c84fa94-04c1-424b-9868-57a2d4851a1d" relativeResultsDirectory="7bb41cd1-f515-4ac2-b24c-5d8bdb530c66" />
    <UnitTestResult executionId="c8f5fd6a-7436-4d04-9ee0-ba6938f4616c" testId="e84a50ce-f909-4a73-832c-0ca8a59289f6" testName="Microsoft.DotNet.Cli.Utils.BlockingMemoryStreamTests.ReadBiggerBuffer" computerName="josequMac" duration="00:00:00.0010000" startTime="2017-01-17T10:39:30.9743570-08:00" endTime="2017-01-17T10:39:30.9743210-08:00" testType="13cdc9d9-ddb5-4fa4-a97d-d965ccfc6d4b" outcome="Passed" testListId="8c84fa94-04c1-424b-9868-57a2d4851a1d" relativeResultsDirectory="c8f5fd6a-7436-4d04-9ee0-ba6938f4616c" />
    <UnitTestResult executionId="692098f2-ec79-4ef1-9940-b84a620b82c9" testId="47e5768d-7551-4fad-acd3-cd9efedd3ec3" testName="Microsoft.DotNet.Cli.Utils.BlockingMemoryStreamTests.ReadSmallerBuffers" computerName="josequMac" duration="00:00:00.0020000" startTime="2017-01-17T10:39:30.9745280-08:00" endTime="2017-01-17T10:39:30.9744940-08:00" testType="13cdc9d9-ddb5-4fa4-a97d-d965ccfc6d4b" outcome="Passed" testListId="8c84fa94-04c1-424b-9868-57a2d4851a1d" relativeResultsDirectory="692098f2-ec79-4ef1-9940-b84a620b82c9" />
    <UnitTestResult executionId="92a349f2-c230-4f47-a963-6dcdac85e739" testId="9184e939-6e89-46a5-bbce-eab8fb4806e0" testName="Microsoft.DotNet.Cli.Utils.Tests.GivenARootedCommandResolver.It_escapes_CommandArguments_when_returning_a_CommandSpec" computerName="josequMac" duration="00:00:00.0040000" startTime="2017-01-17T10:39:30.9747720-08:00" endTime="2017-01-17T10:39:30.9747400-08:00" testType="13cdc9d9-ddb5-4fa4-a97d-d965ccfc6d4b" outcome="Passed" testListId="8c84fa94-04c1-424b-9868-57a2d4851a1d" relativeResultsDirectory="92a349f2-c230-4f47-a963-6dcdac85e739" />
    <UnitTestResult executionId="3314faca-11f0-4b82-b8dd-5599d338c3aa" testId="23c4c355-f972-4750-a316-6a9d0465eed6" testName="Microsoft.DotNet.Cli.Utils.Tests.GivenAnAppBaseCommandResolver.It_escapes_CommandArguments_when_returning_a_CommandSpec" computerName="josequMac" duration="00:00:00.0040000" startTime="2017-01-17T10:39:30.9750130-08:00" endTime="2017-01-17T10:39:30.9749310-08:00" testType="13cdc9d9-ddb5-4fa4-a97d-d965ccfc6d4b" outcome="Passed" testListId="8c84fa94-04c1-424b-9868-57a2d4851a1d" relativeResultsDirectory="3314faca-11f0-4b82-b8dd-5599d338c3aa" />
    <UnitTestResult executionId="98cb064d-9053-4fcd-a656-72820fd29a9d" testId="f77f7ee5-a564-42c9-931f-94435adf86e9" testName="Microsoft.DotNet.Cli.Utils.Tests.GivenARootedCommandResolver.It_returns_null_when_CommandName_is_null" computerName="josequMac" duration="00:00:00.0010000" startTime="2017-01-17T10:39:30.9752280-08:00" endTime="2017-01-17T10:39:30.9751920-08:00" testType="13cdc9d9-ddb5-4fa4-a97d-d965ccfc6d4b" outcome="Passed" testListId="8c84fa94-04c1-424b-9868-57a2d4851a1d" relativeResultsDirectory="98cb064d-9053-4fcd-a656-72820fd29a9d" />
    <UnitTestResult executionId="c29e62ca-24f1-47be-b5e0-8ce31ea98360" testId="c8e018bd-de8a-4cb5-bed4-78d82aa7b112" testName="Microsoft.DotNet.Cli.Utils.Tests.GivenAnAppBaseCommandResolver.It_returns_a_CommandSpec_with_CommandName_as_FileName_when_CommandName_exists_applocal" computerName="josequMac" duration="00:00:00.0010000" startTime="2017-01-17T10:39:30.9755280-08:00" endTime="2017-01-17T10:39:30.9754910-08:00" testType="13cdc9d9-ddb5-4fa4-a97d-d965ccfc6d4b" outcome="Passed" testListId="8c84fa94-04c1-424b-9868-57a2d4851a1d" relativeResultsDirectory="c29e62ca-24f1-47be-b5e0-8ce31ea98360" />
    <UnitTestResult executionId="89f3b444-38e8-4530-bf7f-43a00265d170" testId="b4556a96-70ce-4230-bdfb-f4d3b689fb4b" testName="Microsoft.DotNet.Cli.Utils.Tests.GivenARootedCommandResolver.It_returns_a_CommandSpec_with_Args_as_stringEmpty_when_returning_a_CommandSpec_and_CommandArguments_are_null" computerName="josequMac" duration="00:00:00.0010000" startTime="2017-01-17T10:39:30.9756930-08:00" endTime="2017-01-17T10:39:30.9756590-08:00" testType="13cdc9d9-ddb5-4fa4-a97d-d965ccfc6d4b" outcome="Passed" testListId="8c84fa94-04c1-424b-9868-57a2d4851a1d" relativeResultsDirectory="89f3b444-38e8-4530-bf7f-43a00265d170" />
    <UnitTestResult executionId="a095a20f-3799-40db-bbeb-5568f91e7a41" testId="88992ec9-bccb-46f1-a309-773bb56d2399" testName="Microsoft.DotNet.Cli.Utils.Tests.GivenAnAppBaseCommandResolver.It_returns_a_CommandSpec_with_Args_as_stringEmpty_when_returning_a_CommandSpec_and_CommandArguments_are_null" computerName="josequMac" duration="00:00:00.0010000" startTime="2017-01-17T10:39:30.9759810-08:00" endTime="2017-01-17T10:39:30.9759450-08:00" testType="13cdc9d9-ddb5-4fa4-a97d-d965ccfc6d4b" outcome="Passed" testListId="8c84fa94-04c1-424b-9868-57a2d4851a1d" relativeResultsDirectory="a095a20f-3799-40db-bbeb-5568f91e7a41" />
    <UnitTestResult executionId="406f8fa5-8053-4a34-8da1-594dc178a136" testId="eaa51dd0-07b7-4e18-9b31-c8a503451318" testName="Microsoft.DotNet.Cli.Utils.Tests.GivenAnAppBaseCommandResolver.It_returns_null_when_CommandName_does_not_exist_applocal" computerName="josequMac" duration="00:00:00.0010000" startTime="2017-01-17T10:39:30.9944840-08:00" endTime="2017-01-17T10:39:30.9944480-08:00" testType="13cdc9d9-ddb5-4fa4-a97d-d965ccfc6d4b" outcome="Passed" testListId="8c84fa94-04c1-424b-9868-57a2d4851a1d" relativeResultsDirectory="406f8fa5-8053-4a34-8da1-594dc178a136" />
    <UnitTestResult executionId="01b55c26-fff1-4ab4-ba3e-f3b3128689ee" testId="822b31e4-dc6a-4e30-8358-c00f1efb4116" testName="Microsoft.DotNet.Cli.Utils.Tests.GivenAnAppBaseCommandResolver.It_returns_null_when_CommandName_is_null" computerName="josequMac" duration="00:00:00.0030000" startTime="2017-01-17T10:39:30.9946370-08:00" endTime="2017-01-17T10:39:30.9945840-08:00" testType="13cdc9d9-ddb5-4fa4-a97d-d965ccfc6d4b" outcome="Passed" testListId="8c84fa94-04c1-424b-9868-57a2d4851a1d" relativeResultsDirectory="01b55c26-fff1-4ab4-ba3e-f3b3128689ee" />
    <UnitTestResult executionId="63e16591-aeb2-4594-95f6-c3627a2a23cf" testId="de6c6026-3ac7-48ea-aeb2-94d6285101fa" testName="Microsoft.DotNet.Cli.Utils.Tests.GivenAScriptCommandResolver.It_contains_resolvers_in_the_right_order" computerName="josequMac" duration="00:00:00.0030000" startTime="2017-01-17T10:39:30.9948640-08:00" endTime="2017-01-17T10:39:30.9948290-08:00" testType="13cdc9d9-ddb5-4fa4-a97d-d965ccfc6d4b" outcome="Passed" testListId="8c84fa94-04c1-424b-9868-57a2d4851a1d" relativeResultsDirectory="63e16591-aeb2-4594-95f6-c3627a2a23cf" />
    <UnitTestResult executionId="f9dcee6e-6b50-4833-9881-a2d361577e85" testId="b38483d7-47fc-4b75-98a3-78c7e3d8399a" testName="Microsoft.DotNet.Cli.Utils.Tests.GivenAnAppBaseCommandResolver.It_prefers_EXE_over_CMD_when_two_command_candidates_exist_and_using_WindowsExePreferredCommandSpecFactory" computerName="josequMac" duration="00:00:00.0040000" startTime="2017-01-17T10:39:30.9950560-08:00" endTime="2017-01-17T10:39:30.9950210-08:00" testType="13cdc9d9-ddb5-4fa4-a97d-d965ccfc6d4b" outcome="Passed" testListId="8c84fa94-04c1-424b-9868-57a2d4851a1d" relativeResultsDirectory="f9dcee6e-6b50-4833-9881-a2d361577e85" />
    <UnitTestResult executionId="ea88a91b-8895-4bd6-9f79-280686499d8b" testId="40cd6952-c9c2-4c71-8fd3-ab3c84a55eaa" testName="Microsoft.DotNet.Cli.Utils.Tests.GivenAProjectPathCommandResolver.It_prefers_EXE_over_CMD_when_two_command_candidates_exist_and_using_WindowsExePreferredCommandSpecFactory" computerName="josequMac" duration="00:00:00.0060000" startTime="2017-01-17T10:39:30.9953340-08:00" endTime="2017-01-17T10:39:30.9952700-08:00" testType="13cdc9d9-ddb5-4fa4-a97d-d965ccfc6d4b" outcome="Passed" testListId="8c84fa94-04c1-424b-9868-57a2d4851a1d" relativeResultsDirectory="ea88a91b-8895-4bd6-9f79-280686499d8b" />
    <UnitTestResult executionId="8b63134f-e959-412c-a85e-0a694e977bcd" testId="b00183e8-ad8f-4c6b-b88f-d9ad59ae9f28" testName="Microsoft.DotNet.Cli.Utils.Tests.GivenAProjectPathCommandResolver.It_returns_null_when_ProjectDirectory_is_null" computerName="josequMac" duration="00:00:00.0010000" startTime="2017-01-17T10:39:30.9955540-08:00" endTime="2017-01-17T10:39:30.9954940-08:00" testType="13cdc9d9-ddb5-4fa4-a97d-d965ccfc6d4b" outcome="Passed" testListId="8c84fa94-04c1-424b-9868-57a2d4851a1d" relativeResultsDirectory="8b63134f-e959-412c-a85e-0a694e977bcd" />
    <UnitTestResult executionId="6a3958a6-1502-4d9c-9d33-03863af9cdf9" testId="7457a13f-2c8d-40cc-96e0-55039202023c" testName="Microsoft.DotNet.Cli.Utils.Tests.GivenAProjectPathCommandResolver.It_returns_null_when_CommandName_exists_in_a_subdirectory_of_ProjectDirectory" computerName="josequMac" duration="00:00:00.0010000" startTime="2017-01-17T10:39:30.9957790-08:00" endTime="2017-01-17T10:39:30.9957400-08:00" testType="13cdc9d9-ddb5-4fa4-a97d-d965ccfc6d4b" outcome="Passed" testListId="8c84fa94-04c1-424b-9868-57a2d4851a1d" relativeResultsDirectory="6a3958a6-1502-4d9c-9d33-03863af9cdf9" />
    <UnitTestResult executionId="5a0c4c1d-b686-49cf-9ec0-b2b500e9e5b5" testId="00f18a7b-ebb2-40ad-bf54-4418b9c56a50" testName="Microsoft.DotNet.Cli.Utils.Tests.GivenAProjectPathCommandResolver.It_returns_null_when_CommandName_does_not_exist_in_ProjectDirectory" computerName="josequMac" duration="00:00:00.0010000" startTime="2017-01-17T10:39:31.0169210-08:00" endTime="2017-01-17T10:39:31.0168840-08:00" testType="13cdc9d9-ddb5-4fa4-a97d-d965ccfc6d4b" outcome="Passed" testListId="8c84fa94-04c1-424b-9868-57a2d4851a1d" relativeResultsDirectory="5a0c4c1d-b686-49cf-9ec0-b2b500e9e5b5" />
    <UnitTestResult executionId="7be4e9c9-8cf1-4930-ace0-fb4aa7772720" testId="00b863a6-10b9-418b-956a-df2ff25e256e" testName="Microsoft.DotNet.Cli.Utils.Tests.GivenAProjectPathCommandResolver.It_resolves_commands_with_extensions_defined_in_InferredExtensions" computerName="josequMac" duration="00:00:00.0030000" startTime="2017-01-17T10:39:31.0171270-08:00" endTime="2017-01-17T10:39:31.0170740-08:00" testType="13cdc9d9-ddb5-4fa4-a97d-d965ccfc6d4b" outcome="Passed" testListId="8c84fa94-04c1-424b-9868-57a2d4851a1d" relativeResultsDirectory="7be4e9c9-8cf1-4930-ace0-fb4aa7772720" />
    <UnitTestResult executionId="6ab3b7c9-d22d-4459-9597-279e8451f134" testId="1f1c1f66-9020-4127-897f-7a82dba043f5" testName="Microsoft.DotNet.Cli.Utils.Tests.GivenAProjectPathCommandResolver.It_returns_null_when_CommandName_is_null" computerName="josequMac" duration="00:00:00.0010000" startTime="2017-01-17T10:39:31.0173960-08:00" endTime="2017-01-17T10:39:31.0173620-08:00" testType="13cdc9d9-ddb5-4fa4-a97d-d965ccfc6d4b" outcome="Passed" testListId="8c84fa94-04c1-424b-9868-57a2d4851a1d" relativeResultsDirectory="6ab3b7c9-d22d-4459-9597-279e8451f134" />
    <UnitTestResult executionId="71351e85-eec3-465b-a169-68b4ecb8c627" testId="f11e0476-4411-448c-af5f-13d8fc203bb2" testName="Microsoft.DotNet.Cli.Utils.Tests.GivenAProjectPathCommandResolver.It_returns_a_CommandSpec_with_CommandName_as_FileName_when_CommandName_exists_in_ProjectDirectory" computerName="josequMac" duration="00:00:00.0090000" startTime="2017-01-17T10:39:31.0176670-08:00" endTime="2017-01-17T10:39:31.0175690-08:00" testType="13cdc9d9-ddb5-4fa4-a97d-d965ccfc6d4b" outcome="Passed" testListId="8c84fa94-04c1-424b-9868-57a2d4851a1d" relativeResultsDirectory="71351e85-eec3-465b-a169-68b4ecb8c627" />
    <UnitTestResult executionId="84aa8935-76b5-46c0-b792-17a2d534195a" testId="86fa2af5-1d0e-48f0-bfad-27b50bc681b1" testName="Microsoft.DotNet.Cli.Utils.Tests.GivenAProjectPathCommandResolver.It_returns_a_CommandSpec_with_Args_as_stringEmpty_when_returning_a_CommandSpec_and_CommandArguments_are_null" computerName="josequMac" duration="00:00:00.0020000" startTime="2017-01-17T10:39:31.0179350-08:00" endTime="2017-01-17T10:39:31.0178950-08:00" testType="13cdc9d9-ddb5-4fa4-a97d-d965ccfc6d4b" outcome="Passed" testListId="8c84fa94-04c1-424b-9868-57a2d4851a1d" relativeResultsDirectory="84aa8935-76b5-46c0-b792-17a2d534195a" />
    <UnitTestResult executionId="694e6269-434a-44f5-9abb-8661afb091e6" testId="63bb23fa-2b01-4640-a135-5774dbc58607" testName="Microsoft.DotNet.Cli.Utils.Tests.GivenAProjectPathCommandResolver.It_escapes_CommandArguments_when_returning_a_CommandSpec" computerName="josequMac" duration="00:00:00.0040000" startTime="2017-01-17T10:39:31.0183290-08:00" endTime="2017-01-17T10:39:31.0182940-08:00" testType="13cdc9d9-ddb5-4fa4-a97d-d965ccfc6d4b" outcome="Passed" testListId="8c84fa94-04c1-424b-9868-57a2d4851a1d" relativeResultsDirectory="694e6269-434a-44f5-9abb-8661afb091e6" />
    <UnitTestResult executionId="679c28d4-80fb-4b83-bf10-e718c1173edf" testId="ec4546a8-ab2d-41fc-973d-878a6ad39801" testName="Microsoft.DotNet.Cli.Utils.Tests.GivenAProjectDependenciesCommandFactory.It_resolves_desktop_apps_when_configuration_is_Release" computerName="josequMac" duration="00:00:00.0010000" startTime="2017-01-17T10:39:31.0186100-08:00" endTime="2017-01-17T10:39:31.0185750-08:00" testType="13cdc9d9-ddb5-4fa4-a97d-d965ccfc6d4b" outcome="NotExecuted" testListId="8c84fa94-04c1-424b-9868-57a2d4851a1d" relativeResultsDirectory="679c28d4-80fb-4b83-bf10-e718c1173edf" />
    <UnitTestResult executionId="15c429d6-c9e0-408c-b9b5-018672592c93" testId="198ee9c3-1ebc-4af7-9d6f-96ca632cc51c" testName="Microsoft.DotNet.Cli.Utils.Tests.GivenAProjectDependenciesCommandFactory.It_resolves_desktop_apps_using_configuration_passed_to_create" computerName="josequMac" duration="00:00:00.0010000" startTime="2017-01-17T10:39:31.0193240-08:00" endTime="2017-01-17T10:39:31.0192860-08:00" testType="13cdc9d9-ddb5-4fa4-a97d-d965ccfc6d4b" outcome="NotExecuted" testListId="8c84fa94-04c1-424b-9868-57a2d4851a1d" relativeResultsDirectory="15c429d6-c9e0-408c-b9b5-018672592c93" />
    <UnitTestResult executionId="6872c563-70a9-45d4-9774-6ed43fdea781" testId="31afdcb1-a127-4d85-8b14-60d9bf3e6abf" testName="Microsoft.DotNet.Cli.Utils.Tests.GivenAProjectDependenciesCommandFactory.It_resolves_desktop_apps_defaulting_to_Debug_Configuration" computerName="josequMac" duration="00:00:00.0010000" startTime="2017-01-17T10:39:31.0195110-08:00" endTime="2017-01-17T10:39:31.0194730-08:00" testType="13cdc9d9-ddb5-4fa4-a97d-d965ccfc6d4b" outcome="NotExecuted" testListId="8c84fa94-04c1-424b-9868-57a2d4851a1d" relativeResultsDirectory="6872c563-70a9-45d4-9774-6ed43fdea781" />
    <UnitTestResult executionId="547ce718-fdff-40ef-952f-67182eea5e31" testId="b4eb67fb-9e3c-47ba-9b58-aee4f48b58b9" testName="Microsoft.DotNet.Cli.Utils.Tests.GivenAProjectDependenciesCommandFactory.It_resolves_desktop_apps_when_configuration_is_Debug" computerName="josequMac" duration="00:00:00.0010000" startTime="2017-01-17T10:39:31.0823700-08:00" endTime="2017-01-17T10:39:31.0823050-08:00" testType="13cdc9d9-ddb5-4fa4-a97d-d965ccfc6d4b" outcome="NotExecuted" testListId="8c84fa94-04c1-424b-9868-57a2d4851a1d" relativeResultsDirectory="547ce718-fdff-40ef-952f-67182eea5e31" />
    <UnitTestResult executionId="7decfe2d-b51e-489d-811d-ab1fd93e02ae" testId="b511859f-20a2-4f86-b7b9-18e463febcec" testName="Microsoft.DotNet.Cli.Utils.BuiltInCommandTests.TestExecute" computerName="josequMac" duration="00:00:00.0530000" startTime="2017-01-17T10:39:31.0826290-08:00" endTime="2017-01-17T10:39:31.0825280-08:00" testType="13cdc9d9-ddb5-4fa4-a97d-d965ccfc6d4b" outcome="Passed" testListId="8c84fa94-04c1-424b-9868-57a2d4851a1d" relativeResultsDirectory="7decfe2d-b51e-489d-811d-ab1fd93e02ae" />
    <UnitTestResult executionId="704b2d30-7a55-44aa-ae9a-6d34c5dc0d53" testId="f785aadb-0777-4876-8cf0-0c8796491fb8" testName="Microsoft.DotNet.Cli.Utils.BuiltInCommandTests.TestOnOutputLines" computerName="josequMac" duration="00:00:00.0150000" startTime="2017-01-17T10:39:31.0827680-08:00" endTime="2017-01-17T10:39:31.0827380-08:00" testType="13cdc9d9-ddb5-4fa4-a97d-d965ccfc6d4b" outcome="Passed" testListId="8c84fa94-04c1-424b-9868-57a2d4851a1d" relativeResultsDirectory="704b2d30-7a55-44aa-ae9a-6d34c5dc0d53" />
    <UnitTestResult executionId="0baa0ad1-ffb8-4548-b760-33f45a8dec6d" testId="7ea2cc39-3638-41c1-acd8-a1569871519e" testName="Microsoft.DotNet.Cli.Utils.Tests.GivenThatWeWantToReadLockFilesQuickly.ItFailsInLessThanOneSecondWhenTheProjectAssetsJsonDoesNotExist" computerName="josequMac" duration="00:00:00.0790000" startTime="2017-01-17T10:39:31.0829210-08:00" endTime="2017-01-17T10:39:31.0828700-08:00" testType="13cdc9d9-ddb5-4fa4-a97d-d965ccfc6d4b" outcome="Passed" testListId="8c84fa94-04c1-424b-9868-57a2d4851a1d" relativeResultsDirectory="0baa0ad1-ffb8-4548-b760-33f45a8dec6d" />
    <UnitTestResult executionId="cf50aae5-439a-4218-ae70-f15fa3db8f8b" testId="af62b9d5-4618-4aa6-b945-60b46381cc80" testName="StreamForwarderTests.StreamForwarderTests.TestCaptureAndForwardingTogether(inputStr: &quot;1234\r\n5678\r\nabcdefghijklmnopqrstuvwxyz&quot;, expectedWrites: [&quot;1234&quot;, &quot;5678&quot;, &quot;abcdefghijklmnopqrstuvwxyz&quot;])" computerName="josequMac" duration="00:00:00.0190000" startTime="2017-01-17T10:39:31.0830700-08:00" endTime="2017-01-17T10:39:31.0830360-08:00" testType="13cdc9d9-ddb5-4fa4-a97d-d965ccfc6d4b" outcome="Passed" testListId="8c84fa94-04c1-424b-9868-57a2d4851a1d" relativeResultsDirectory="cf50aae5-439a-4218-ae70-f15fa3db8f8b" />
    <UnitTestResult executionId="c2098cf3-4cfc-457e-aa14-468acdd40931" testId="012e051b-d301-4b28-b60b-677034c60094" testName="StreamForwarderTests.StreamForwarderTests.TestCaptureAndForwardingTogether(inputStr: &quot;1234\n5678&quot;, expectedWrites: [&quot;1234&quot;, &quot;5678&quot;])" computerName="josequMac" duration="00:00:00.0010000" startTime="2017-01-17T10:39:31.0832300-08:00" endTime="2017-01-17T10:39:31.0831960-08:00" testType="13cdc9d9-ddb5-4fa4-a97d-d965ccfc6d4b" outcome="Passed" testListId="8c84fa94-04c1-424b-9868-57a2d4851a1d" relativeResultsDirectory="c2098cf3-4cfc-457e-aa14-468acdd40931" />
    <UnitTestResult executionId="709fdf5a-1459-465b-be5c-44d876733dad" testId="9faeee57-7869-4ed5-9846-a1688cb4c756" testName="StreamForwarderTests.StreamForwarderTests.TestCaptureAndForwardingTogether(inputStr: &quot;1234\r\n5678&quot;, expectedWrites: [&quot;1234&quot;, &quot;5678&quot;])" computerName="josequMac" duration="00:00:00.0010000" startTime="2017-01-17T10:39:31.0833790-08:00" endTime="2017-01-17T10:39:31.0833420-08:00" testType="13cdc9d9-ddb5-4fa4-a97d-d965ccfc6d4b" outcome="Passed" testListId="8c84fa94-04c1-424b-9868-57a2d4851a1d" relativeResultsDirectory="709fdf5a-1459-465b-be5c-44d876733dad" />
    <UnitTestResult executionId="9e36a94f-5eeb-44ca-9a82-8bc6f829ab2a" testId="acd8112a-7930-4df2-934c-458eeeb2542e" testName="StreamForwarderTests.StreamForwarderTests.TestCaptureAndForwardingTogether(inputStr: &quot;1234\n5678\n&quot;, expectedWrites: [&quot;1234&quot;, &quot;5678&quot;])" computerName="josequMac" duration="00:00:00.0010000" startTime="2017-01-17T10:39:31.0835280-08:00" endTime="2017-01-17T10:39:31.0834960-08:00" testType="13cdc9d9-ddb5-4fa4-a97d-d965ccfc6d4b" outcome="Passed" testListId="8c84fa94-04c1-424b-9868-57a2d4851a1d" relativeResultsDirectory="9e36a94f-5eeb-44ca-9a82-8bc6f829ab2a" />
    <UnitTestResult executionId="986b4c67-abe2-4274-b3cf-2dd500b81e5b" testId="f931b3be-cd89-44cf-9624-01b3bcbd5fa2" testName="StreamForwarderTests.StreamForwarderTests.TestCaptureAndForwardingTogether(inputStr: &quot;1234\n5678\nabcdefghijklmnopqrstuvwxyz\n&quot;, expectedWrites: [&quot;1234&quot;, &quot;5678&quot;, &quot;abcdefghijklmnopqrstuvwxyz&quot;])" computerName="josequMac" duration="00:00:00.0010000" startTime="2017-01-17T10:39:31.1255460-08:00" endTime="2017-01-17T10:39:31.1255100-08:00" testType="13cdc9d9-ddb5-4fa4-a97d-d965ccfc6d4b" outcome="Passed" testListId="8c84fa94-04c1-424b-9868-57a2d4851a1d" relativeResultsDirectory="986b4c67-abe2-4274-b3cf-2dd500b81e5b" />
    <UnitTestResult executionId="f0a25896-758b-4d42-910b-59ed4f67dad1" testId="5d795236-d93e-499e-aabd-48b5c304a50e" testName="StreamForwarderTests.StreamForwarderTests.TestCaptureAndForwardingTogether(inputStr: &quot;1234\n5678\nabcdefghijklmnopqrstuvwxyz&quot;, expectedWrites: [&quot;1234&quot;, &quot;5678&quot;, &quot;abcdefghijklmnopqrstuvwxyz&quot;])" computerName="josequMac" duration="00:00:00.0010000" startTime="2017-01-17T10:39:31.1256880-08:00" endTime="2017-01-17T10:39:31.1256520-08:00" testType="13cdc9d9-ddb5-4fa4-a97d-d965ccfc6d4b" outcome="Passed" testListId="8c84fa94-04c1-424b-9868-57a2d4851a1d" relativeResultsDirectory="f0a25896-758b-4d42-910b-59ed4f67dad1" />
    <UnitTestResult executionId="ccb47fb1-aae8-43fc-b4f0-b379711b7fef" testId="5b3a2f13-0fd0-478d-bdb1-0601363fce27" testName="StreamForwarderTests.StreamForwarderTests.TestCaptureAndForwardingTogether(inputStr: &quot;1234\r\n5678\r\nabcdefghijklmnopqrstuvwxyz\r\n&quot;, expectedWrites: [&quot;1234&quot;, &quot;5678&quot;, &quot;abcdefghijklmnopqrstuvwxyz&quot;])" computerName="josequMac" duration="00:00:00.0010000" startTime="2017-01-17T10:39:31.1258410-08:00" endTime="2017-01-17T10:39:31.1258070-08:00" testType="13cdc9d9-ddb5-4fa4-a97d-d965ccfc6d4b" outcome="Passed" testListId="8c84fa94-04c1-424b-9868-57a2d4851a1d" relativeResultsDirectory="ccb47fb1-aae8-43fc-b4f0-b379711b7fef" />
    <UnitTestResult executionId="2b5a04a9-5575-441a-bef8-ec02cb9fde53" testId="eed31589-1c09-42e7-af7f-23e839b568b2" testName="StreamForwarderTests.StreamForwarderTests.TestCaptureAndForwardingTogether(inputStr: &quot;1234\r\n5678\r\n&quot;, expectedWrites: [&quot;1234&quot;, &quot;5678&quot;])" computerName="josequMac" duration="00:00:00.0010000" startTime="2017-01-17T10:39:31.1259820-08:00" endTime="2017-01-17T10:39:31.1259480-08:00" testType="13cdc9d9-ddb5-4fa4-a97d-d965ccfc6d4b" outcome="Passed" testListId="8c84fa94-04c1-424b-9868-57a2d4851a1d" relativeResultsDirectory="2b5a04a9-5575-441a-bef8-ec02cb9fde53" />
    <UnitTestResult executionId="3b8a1899-0fef-47d7-a0a7-eeafc6738c85" testId="e28d489a-cf1f-459d-b320-2b66c0c911c2" testName="StreamForwarderTests.StreamForwarderTests.TestCaptureAndForwardingTogether(inputStr: &quot;123\n&quot;, expectedWrites: [&quot;123&quot;])" computerName="josequMac" duration="00:00:00.0010000" startTime="2017-01-17T10:39:31.1261360-08:00" endTime="2017-01-17T10:39:31.1260940-08:00" testType="13cdc9d9-ddb5-4fa4-a97d-d965ccfc6d4b" outcome="Passed" testListId="8c84fa94-04c1-424b-9868-57a2d4851a1d" relativeResultsDirectory="3b8a1899-0fef-47d7-a0a7-eeafc6738c85" />
    <UnitTestResult executionId="cbc31e1f-1523-4b0b-a25d-26d7ec2b7e53" testId="e420ad83-af80-48ae-a912-0b0054022cfd" testName="StreamForwarderTests.StreamForwarderTests.TestCaptureAndForwardingTogether(inputStr: &quot;123&quot;, expectedWrites: [&quot;123&quot;])" computerName="josequMac" duration="00:00:00.0010000" startTime="2017-01-17T10:39:31.1262770-08:00" endTime="2017-01-17T10:39:31.1262430-08:00" testType="13cdc9d9-ddb5-4fa4-a97d-d965ccfc6d4b" outcome="Passed" testListId="8c84fa94-04c1-424b-9868-57a2d4851a1d" relativeResultsDirectory="cbc31e1f-1523-4b0b-a25d-26d7ec2b7e53" />
    <UnitTestResult executionId="e3cd0f78-03ab-4c5d-8c9e-26d91d20ca4c" testId="835362d3-9268-40cc-8975-29b8b5573392" testName="StreamForwarderTests.StreamForwarderTests.TestCaptureAndForwardingTogether(inputStr: &quot;123\r\n&quot;, expectedWrites: [&quot;123&quot;])" computerName="josequMac" duration="00:00:00.0010000" startTime="2017-01-17T10:39:31.1264570-08:00" endTime="2017-01-17T10:39:31.1264120-08:00" testType="13cdc9d9-ddb5-4fa4-a97d-d965ccfc6d4b" outcome="Passed" testListId="8c84fa94-04c1-424b-9868-57a2d4851a1d" relativeResultsDirectory="e3cd0f78-03ab-4c5d-8c9e-26d91d20ca4c" />
    <UnitTestResult executionId="7e26fda7-f0c3-4096-82f2-203564e938e0" testId="067d05db-de40-4ce5-b748-9dcc792ceba9" testName="StreamForwarderTests.StreamForwarderTests.TestCaptureOnly(inputStr: &quot;123\n&quot;, expectedWrites: [&quot;123&quot;])" computerName="josequMac" duration="00:00:00.0010000" startTime="2017-01-17T10:39:31.1266140-08:00" endTime="2017-01-17T10:39:31.1265800-08:00" testType="13cdc9d9-ddb5-4fa4-a97d-d965ccfc6d4b" outcome="Passed" testListId="8c84fa94-04c1-424b-9868-57a2d4851a1d" relativeResultsDirectory="7e26fda7-f0c3-4096-82f2-203564e938e0" />
    <UnitTestResult executionId="1d7d6110-dc12-4286-ac00-9e6a083ed203" testId="d413222b-403d-4d4c-af33-4d7b83e2c6c9" testName="StreamForwarderTests.StreamForwarderTests.TestCaptureOnly(inputStr: &quot;1234\r\n5678\r\nabcdefghijklmnopqrstuvwxyz\r\n&quot;, expectedWrites: [&quot;1234&quot;, &quot;5678&quot;, &quot;abcdefghijklmnopqrstuvwxyz&quot;])" computerName="josequMac" duration="00:00:00.0010000" startTime="2017-01-17T10:39:31.1267640-08:00" endTime="2017-01-17T10:39:31.1267300-08:00" testType="13cdc9d9-ddb5-4fa4-a97d-d965ccfc6d4b" outcome="Passed" testListId="8c84fa94-04c1-424b-9868-57a2d4851a1d" relativeResultsDirectory="1d7d6110-dc12-4286-ac00-9e6a083ed203" />
    <UnitTestResult executionId="8c09e77e-0b59-4cfb-8562-0b506060944e" testId="6e6884da-5434-4922-b233-084e6552feac" testName="StreamForwarderTests.StreamForwarderTests.TestCaptureOnly(inputStr: &quot;123\r\n&quot;, expectedWrites: [&quot;123&quot;])" computerName="josequMac" duration="00:00:00.0010000" startTime="2017-01-17T10:39:31.1880810-08:00" endTime="2017-01-17T10:39:31.1880440-08:00" testType="13cdc9d9-ddb5-4fa4-a97d-d965ccfc6d4b" outcome="Passed" testListId="8c84fa94-04c1-424b-9868-57a2d4851a1d" relativeResultsDirectory="8c09e77e-0b59-4cfb-8562-0b506060944e" />
    <UnitTestResult executionId="af9c72ce-7202-4519-9738-d785890ee01b" testId="e9f7fbc0-4627-4f0c-b5e1-b9b20c60b9cc" testName="StreamForwarderTests.StreamForwarderTests.TestCaptureOnly(inputStr: &quot;1234\r\n5678\r\nabcdefghijklmnopqrstuvwxyz&quot;, expectedWrites: [&quot;1234&quot;, &quot;5678&quot;, &quot;abcdefghijklmnopqrstuvwxyz&quot;])" computerName="josequMac" duration="00:00:00.0010000" startTime="2017-01-17T10:39:31.1882640-08:00" endTime="2017-01-17T10:39:31.1882320-08:00" testType="13cdc9d9-ddb5-4fa4-a97d-d965ccfc6d4b" outcome="Passed" testListId="8c84fa94-04c1-424b-9868-57a2d4851a1d" relativeResultsDirectory="af9c72ce-7202-4519-9738-d785890ee01b" />
    <UnitTestResult executionId="ae4b5bdf-83a6-4d0d-afc4-8e87bd80e01c" testId="757f67bf-7fa0-4301-90a7-3fd65697cf13" testName="StreamForwarderTests.StreamForwarderTests.TestCaptureOnly(inputStr: &quot;123&quot;, expectedWrites: [&quot;123&quot;])" computerName="josequMac" duration="00:00:00.0010000" startTime="2017-01-17T10:39:31.1884780-08:00" endTime="2017-01-17T10:39:31.1884450-08:00" testType="13cdc9d9-ddb5-4fa4-a97d-d965ccfc6d4b" outcome="Passed" testListId="8c84fa94-04c1-424b-9868-57a2d4851a1d" relativeResultsDirectory="ae4b5bdf-83a6-4d0d-afc4-8e87bd80e01c" />
    <UnitTestResult executionId="6a7a9e30-f1de-42a3-b68c-06a17b7c2744" testId="bb36740f-f347-4ba5-8e7b-112b10791967" testName="StreamForwarderTests.StreamForwarderTests.TestCaptureOnly(inputStr: &quot;1234\r\n5678&quot;, expectedWrites: [&quot;1234&quot;, &quot;5678&quot;])" computerName="josequMac" duration="00:00:00.0010000" startTime="2017-01-17T10:39:31.1886450-08:00" endTime="2017-01-17T10:39:31.1885880-08:00" testType="13cdc9d9-ddb5-4fa4-a97d-d965ccfc6d4b" outcome="Passed" testListId="8c84fa94-04c1-424b-9868-57a2d4851a1d" relativeResultsDirectory="6a7a9e30-f1de-42a3-b68c-06a17b7c2744" />
    <UnitTestResult executionId="c5759af9-f657-4b98-9519-9ceb2eae8543" testId="4efe57de-e1c9-4cec-ac00-d335f32a4484" testName="StreamForwarderTests.StreamForwarderTests.TestCaptureOnly(inputStr: &quot;1234\r\n5678\r\n&quot;, expectedWrites: [&quot;1234&quot;, &quot;5678&quot;])" computerName="josequMac" duration="00:00:00.0010000" startTime="2017-01-17T10:39:31.1888400-08:00" endTime="2017-01-17T10:39:31.1887850-08:00" testType="13cdc9d9-ddb5-4fa4-a97d-d965ccfc6d4b" outcome="Passed" testListId="8c84fa94-04c1-424b-9868-57a2d4851a1d" relativeResultsDirectory="c5759af9-f657-4b98-9519-9ceb2eae8543" />
    <UnitTestResult executionId="52c42ad2-cafa-4ba9-a6e6-745a3c453b34" testId="393a1702-c6e6-4456-bed2-66864dbbe634" testName="StreamForwarderTests.StreamForwarderTests.TestCaptureOnly(inputStr: &quot;1234\n5678\nabcdefghijklmnopqrstuvwxyz\n&quot;, expectedWrites: [&quot;1234&quot;, &quot;5678&quot;, &quot;abcdefghijklmnopqrstuvwxyz&quot;])" computerName="josequMac" duration="00:00:00.0010000" startTime="2017-01-17T10:39:31.1890030-08:00" endTime="2017-01-17T10:39:31.1889420-08:00" testType="13cdc9d9-ddb5-4fa4-a97d-d965ccfc6d4b" outcome="Passed" testListId="8c84fa94-04c1-424b-9868-57a2d4851a1d" relativeResultsDirectory="52c42ad2-cafa-4ba9-a6e6-745a3c453b34" />
    <UnitTestResult executionId="36de058a-36ab-4532-ad8f-53dc9a0ec4e5" testId="8bdd44e8-f91b-40da-a89a-8bfd2a23bb4d" testName="StreamForwarderTests.StreamForwarderTests.TestCaptureOnly(inputStr: &quot;1234\n5678\nabcdefghijklmnopqrstuvwxyz&quot;, expectedWrites: [&quot;1234&quot;, &quot;5678&quot;, &quot;abcdefghijklmnopqrstuvwxyz&quot;])" computerName="josequMac" duration="00:00:00.0010000" startTime="2017-01-17T10:39:31.1893250-08:00" endTime="2017-01-17T10:39:31.1892870-08:00" testType="13cdc9d9-ddb5-4fa4-a97d-d965ccfc6d4b" outcome="Passed" testListId="8c84fa94-04c1-424b-9868-57a2d4851a1d" relativeResultsDirectory="36de058a-36ab-4532-ad8f-53dc9a0ec4e5" />
    <UnitTestResult executionId="f3764b83-8f4a-4a87-b337-21ebd1a00d8c" testId="baaf0487-2d8e-43f5-9410-30e9859a02d6" testName="StreamForwarderTests.StreamForwarderTests.TestCaptureOnly(inputStr: &quot;1234\n5678\n&quot;, expectedWrites: [&quot;1234&quot;, &quot;5678&quot;])" computerName="josequMac" duration="00:00:00.0010000" startTime="2017-01-17T10:39:31.1895010-08:00" endTime="2017-01-17T10:39:31.1894510-08:00" testType="13cdc9d9-ddb5-4fa4-a97d-d965ccfc6d4b" outcome="Passed" testListId="8c84fa94-04c1-424b-9868-57a2d4851a1d" relativeResultsDirectory="f3764b83-8f4a-4a87-b337-21ebd1a00d8c" />
    <UnitTestResult executionId="85807dc6-440a-47ad-8eca-03b2d957c03e" testId="0dcdbfec-be74-46f9-b52f-c2ee1ac6d753" testName="StreamForwarderTests.StreamForwarderTests.TestCaptureOnly(inputStr: &quot;1234\n5678&quot;, expectedWrites: [&quot;1234&quot;, &quot;5678&quot;])" computerName="josequMac" duration="00:00:00.0010000" startTime="2017-01-17T10:39:31.1897020-08:00" endTime="2017-01-17T10:39:31.1896680-08:00" testType="13cdc9d9-ddb5-4fa4-a97d-d965ccfc6d4b" outcome="Passed" testListId="8c84fa94-04c1-424b-9868-57a2d4851a1d" relativeResultsDirectory="85807dc6-440a-47ad-8eca-03b2d957c03e" />
    <UnitTestResult executionId="986ade75-e423-49dc-8609-a50b8760574e" testId="ca4df360-b770-4aaa-84a0-3df0b8bc412c" testName="StreamForwarderTests.StreamForwarderTests.TestForwardingOnly(inputStr: &quot;1234\n5678\n&quot;, expectedWrites: [&quot;1234&quot;, &quot;5678&quot;])" computerName="josequMac" duration="00:00:00.0010000" startTime="2017-01-17T10:39:31.2116530-08:00" endTime="2017-01-17T10:39:31.2116140-08:00" testType="13cdc9d9-ddb5-4fa4-a97d-d965ccfc6d4b" outcome="Passed" testListId="8c84fa94-04c1-424b-9868-57a2d4851a1d" relativeResultsDirectory="986ade75-e423-49dc-8609-a50b8760574e" />
    <UnitTestResult executionId="4c6b8680-dbed-416e-bd3e-86ba7cc4c09e" testId="7336b9fb-13ae-4a11-bb76-10729df50c63" testName="StreamForwarderTests.StreamForwarderTests.TestForwardingOnly(inputStr: &quot;123&quot;, expectedWrites: [&quot;123&quot;])" computerName="josequMac" duration="00:00:00.0010000" startTime="2017-01-17T10:39:31.2118410-08:00" endTime="2017-01-17T10:39:31.2117650-08:00" testType="13cdc9d9-ddb5-4fa4-a97d-d965ccfc6d4b" outcome="Passed" testListId="8c84fa94-04c1-424b-9868-57a2d4851a1d" relativeResultsDirectory="4c6b8680-dbed-416e-bd3e-86ba7cc4c09e" />
    <UnitTestResult executionId="a75c692a-585a-43e1-b8ba-c013d2b1b23b" testId="6ae731d3-34db-4bfb-94f3-a9cf03153d0e" testName="StreamForwarderTests.StreamForwarderTests.TestForwardingOnly(inputStr: &quot;1234\n5678\nabcdefghijklmnopqrstuvwxyz&quot;, expectedWrites: [&quot;1234&quot;, &quot;5678&quot;, &quot;abcdefghijklmnopqrstuvwxyz&quot;])" computerName="josequMac" duration="00:00:00.0010000" startTime="2017-01-17T10:39:31.2120260-08:00" endTime="2017-01-17T10:39:31.2119870-08:00" testType="13cdc9d9-ddb5-4fa4-a97d-d965ccfc6d4b" outcome="Passed" testListId="8c84fa94-04c1-424b-9868-57a2d4851a1d" relativeResultsDirectory="a75c692a-585a-43e1-b8ba-c013d2b1b23b" />
    <UnitTestResult executionId="dc3f22e0-3acf-4568-9f55-c9bced850450" testId="75751e0d-1e0e-4728-8898-242e93247f45" testName="StreamForwarderTests.StreamForwarderTests.TestForwardingOnly(inputStr: &quot;123\r\n&quot;, expectedWrites: [&quot;123&quot;])" computerName="josequMac" duration="00:00:00.0010000" startTime="2017-01-17T10:39:31.2121940-08:00" endTime="2017-01-17T10:39:31.2121360-08:00" testType="13cdc9d9-ddb5-4fa4-a97d-d965ccfc6d4b" outcome="Passed" testListId="8c84fa94-04c1-424b-9868-57a2d4851a1d" relativeResultsDirectory="dc3f22e0-3acf-4568-9f55-c9bced850450" />
    <UnitTestResult executionId="b3f52599-bc5e-4bb4-8029-d9ad4256ffb5" testId="342e21a0-94a9-43cc-ab14-8cec4f6fbc55" testName="StreamForwarderTests.StreamForwarderTests.TestForwardingOnly(inputStr: &quot;1234\r\n5678\r\n&quot;, expectedWrites: [&quot;1234&quot;, &quot;5678&quot;])" computerName="josequMac" duration="00:00:00.0010000" startTime="2017-01-17T10:39:31.2123450-08:00" endTime="2017-01-17T10:39:31.2123070-08:00" testType="13cdc9d9-ddb5-4fa4-a97d-d965ccfc6d4b" outcome="Passed" testListId="8c84fa94-04c1-424b-9868-57a2d4851a1d" relativeResultsDirectory="b3f52599-bc5e-4bb4-8029-d9ad4256ffb5" />
    <UnitTestResult executionId="e57dbf65-4294-424f-8f1a-f12e8ad84081" testId="820a0f51-6228-450d-8b8d-da6f18ded147" testName="StreamForwarderTests.StreamForwarderTests.TestForwardingOnly(inputStr: &quot;1234\n5678\nabcdefghijklmnopqrstuvwxyz\n&quot;, expectedWrites: [&quot;1234&quot;, &quot;5678&quot;, &quot;abcdefghijklmnopqrstuvwxyz&quot;])" computerName="josequMac" duration="00:00:00.0010000" startTime="2017-01-17T10:39:31.2124810-08:00" endTime="2017-01-17T10:39:31.2124410-08:00" testType="13cdc9d9-ddb5-4fa4-a97d-d965ccfc6d4b" outcome="Passed" testListId="8c84fa94-04c1-424b-9868-57a2d4851a1d" relativeResultsDirectory="e57dbf65-4294-424f-8f1a-f12e8ad84081" />
    <UnitTestResult executionId="206bb436-a70a-4572-8200-ff46c1cbad23" testId="1736e399-b26b-4635-8f5b-1680d4880c56" testName="StreamForwarderTests.StreamForwarderTests.TestForwardingOnly(inputStr: &quot;1234\r\n5678&quot;, expectedWrites: [&quot;1234&quot;, &quot;5678&quot;])" computerName="josequMac" duration="00:00:00.0010000" startTime="2017-01-17T10:39:31.2126190-08:00" endTime="2017-01-17T10:39:31.2125840-08:00" testType="13cdc9d9-ddb5-4fa4-a97d-d965ccfc6d4b" outcome="Passed" testListId="8c84fa94-04c1-424b-9868-57a2d4851a1d" relativeResultsDirectory="206bb436-a70a-4572-8200-ff46c1cbad23" />
    <UnitTestResult executionId="d396086a-1add-41cc-9eff-b1fd91a873c2" testId="6ab09f9b-9d14-40e8-a13d-c025beadb8d8" testName="StreamForwarderTests.StreamForwarderTests.TestForwardingOnly(inputStr: &quot;1234\r\n5678\r\nabcdefghijklmnopqrstuvwxyz\r\n&quot;, expectedWrites: [&quot;1234&quot;, &quot;5678&quot;, &quot;abcdefghijklmnopqrstuvwxyz&quot;])" computerName="josequMac" duration="00:00:00.0010000" startTime="2017-01-17T10:39:31.2127860-08:00" endTime="2017-01-17T10:39:31.2127420-08:00" testType="13cdc9d9-ddb5-4fa4-a97d-d965ccfc6d4b" outcome="Passed" testListId="8c84fa94-04c1-424b-9868-57a2d4851a1d" relativeResultsDirectory="d396086a-1add-41cc-9eff-b1fd91a873c2" />
    <UnitTestResult executionId="7426b8db-3a0d-40dd-9919-6f7b86ba85a6" testId="56c437e0-a5b5-4ca2-90dc-24f6d28acd18" testName="StreamForwarderTests.StreamForwarderTests.TestForwardingOnly(inputStr: &quot;1234\n5678&quot;, expectedWrites: [&quot;1234&quot;, &quot;5678&quot;])" computerName="josequMac" duration="00:00:00.0010000" startTime="2017-01-17T10:39:31.2130190-08:00" endTime="2017-01-17T10:39:31.2129820-08:00" testType="13cdc9d9-ddb5-4fa4-a97d-d965ccfc6d4b" outcome="Passed" testListId="8c84fa94-04c1-424b-9868-57a2d4851a1d" relativeResultsDirectory="7426b8db-3a0d-40dd-9919-6f7b86ba85a6" />
    <UnitTestResult executionId="bae2d0a2-132f-4a8e-8367-2d355504e248" testId="c0b2a615-9103-4e55-bb54-bc97938c69c6" testName="StreamForwarderTests.StreamForwarderTests.TestForwardingOnly(inputStr: &quot;123\n&quot;, expectedWrites: [&quot;123&quot;])" computerName="josequMac" duration="00:00:00.0010000" startTime="2017-01-17T10:39:32.7145490-08:00" endTime="2017-01-17T10:39:32.7145110-08:00" testType="13cdc9d9-ddb5-4fa4-a97d-d965ccfc6d4b" outcome="Passed" testListId="8c84fa94-04c1-424b-9868-57a2d4851a1d" relativeResultsDirectory="bae2d0a2-132f-4a8e-8367-2d355504e248" />
    <UnitTestResult executionId="c6570e54-7d40-4786-9fc0-4ee8aa9fb46b" testId="85eaa902-1bda-4092-8cf4-50120f9e65b3" testName="StreamForwarderTests.StreamForwarderTests.TestForwardingOnly(inputStr: &quot;1234\r\n5678\r\nabcdefghijklmnopqrstuvwxyz&quot;, expectedWrites: [&quot;1234&quot;, &quot;5678&quot;, &quot;abcdefghijklmnopqrstuvwxyz&quot;])" computerName="josequMac" duration="00:00:00.0010000" startTime="2017-01-17T10:39:32.7147190-08:00" endTime="2017-01-17T10:39:32.7146880-08:00" testType="13cdc9d9-ddb5-4fa4-a97d-d965ccfc6d4b" outcome="Passed" testListId="8c84fa94-04c1-424b-9868-57a2d4851a1d" relativeResultsDirectory="c6570e54-7d40-4786-9fc0-4ee8aa9fb46b" />
    <UnitTestResult executionId="c2d015c8-f810-4aed-b0b4-9cb2746ef206" testId="0d317ef4-202f-45a2-bf7f-92f564806a6b" testName="StreamForwarderTests.StreamForwarderTests.TestNoForwardingNoCapture(inputStr: &quot;123&quot;)" computerName="josequMac" duration="00:00:00.0010000" startTime="2017-01-17T10:39:32.7148650-08:00" endTime="2017-01-17T10:39:32.7148320-08:00" testType="13cdc9d9-ddb5-4fa4-a97d-d965ccfc6d4b" outcome="Passed" testListId="8c84fa94-04c1-424b-9868-57a2d4851a1d" relativeResultsDirectory="c2d015c8-f810-4aed-b0b4-9cb2746ef206" />
    <UnitTestResult executionId="e68bab84-6073-4596-a14b-313c8678ac58" testId="f82310d5-e6f7-40d0-b0e5-c1d0a5febb94" testName="StreamForwarderTests.StreamForwarderTests.TestNoForwardingNoCapture(inputStr: &quot;123\n&quot;)" computerName="josequMac" duration="00:00:00.0010000" startTime="2017-01-17T10:39:32.7149970-08:00" endTime="2017-01-17T10:39:32.7149660-08:00" testType="13cdc9d9-ddb5-4fa4-a97d-d965ccfc6d4b" outcome="Passed" testListId="8c84fa94-04c1-424b-9868-57a2d4851a1d" relativeResultsDirectory="e68bab84-6073-4596-a14b-313c8678ac58" />
    <UnitTestResult executionId="dfb55396-06ea-410c-b58f-68b5d78afae3" testId="c9680c3e-5110-471e-814f-fcaacd44487d" testName="Microsoft.DotNet.Cli.Utils.Tests.GivenACompositeCommandResolver.It_iterates_through_all_added_resolvers_in_order_when_they_return_null" computerName="josequMac" duration="00:00:00.8270000" startTime="2017-01-17T10:39:32.7151390-08:00" endTime="2017-01-17T10:39:32.7151050-08:00" testType="13cdc9d9-ddb5-4fa4-a97d-d965ccfc6d4b" outcome="Passed" testListId="8c84fa94-04c1-424b-9868-57a2d4851a1d" relativeResultsDirectory="dfb55396-06ea-410c-b58f-68b5d78afae3" />
    <UnitTestResult executionId="476edc3e-22a1-4cc0-9d97-edf7da123bc1" testId="c4e6b8a2-1654-4e0a-9c42-bdf691bead14" testName="Microsoft.DotNet.Cli.Utils.Tests.GivenACompositeCommandResolver.It_stops_iterating_through_added_resolvers_when_one_returns_nonnull" computerName="josequMac" duration="00:00:00.0370000" startTime="2017-01-17T10:39:32.7152850-08:00" endTime="2017-01-17T10:39:32.7152480-08:00" testType="13cdc9d9-ddb5-4fa4-a97d-d965ccfc6d4b" outcome="Passed" testListId="8c84fa94-04c1-424b-9868-57a2d4851a1d" relativeResultsDirectory="476edc3e-22a1-4cc0-9d97-edf7da123bc1" />
    <UnitTestResult executionId="0d3d6ff7-d914-43ff-9aa0-2eb8b0d60c69" testId="9ea3697f-c953-4caf-8b96-efd7586a5b06" testName="Microsoft.DotNet.Tests.GivenAProjectToolsCommandResolver.Generate_deps_json_method_doesnt_overwrite_when_deps_file_already_exists" computerName="josequMac" duration="00:00:01.0890000" startTime="2017-01-17T10:39:32.7154220-08:00" endTime="2017-01-17T10:39:32.7153850-08:00" testType="13cdc9d9-ddb5-4fa4-a97d-d965ccfc6d4b" outcome="Passed" testListId="8c84fa94-04c1-424b-9868-57a2d4851a1d" relativeResultsDirectory="0d3d6ff7-d914-43ff-9aa0-2eb8b0d60c69" />
    <UnitTestResult executionId="d453b27e-8b0e-4765-a83c-8a8123f3ceb1" testId="4d5cfe66-b6a6-4f52-af88-e6abe5e35283" testName="Microsoft.DotNet.Tests.GivenAProjectToolsCommandResolver.It_does_not_add_fx_version_as_a_param_when_the_tool_does_not_have_the_prefercliruntime_file" computerName="josequMac" duration="00:00:02.0560000" startTime="2017-01-17T10:39:34.2142410-08:00" endTime="2017-01-17T10:39:34.2142050-08:00" testType="13cdc9d9-ddb5-4fa4-a97d-d965ccfc6d4b" outcome="Passed" testListId="8c84fa94-04c1-424b-9868-57a2d4851a1d" relativeResultsDirectory="d453b27e-8b0e-4765-a83c-8a8123f3ceb1" />
    <UnitTestResult executionId="bb9c242d-c696-4052-af9f-51e676159175" testId="2771dd7f-26e7-4108-88fc-bec0e94ccffb" testName="Microsoft.DotNet.Tests.GivenAProjectToolsCommandResolver.It_returns_null_when_CommandName_does_not_exist_in_ProjectTools" computerName="josequMac" duration="00:00:00.2900000" startTime="2017-01-17T10:39:34.2143990-08:00" endTime="2017-01-17T10:39:34.2143650-08:00" testType="13cdc9d9-ddb5-4fa4-a97d-d965ccfc6d4b" outcome="Passed" testListId="8c84fa94-04c1-424b-9868-57a2d4851a1d" relativeResultsDirectory="bb9c242d-c696-4052-af9f-51e676159175" />
    <UnitTestResult executionId="77821060-8392-44dc-835c-241472fc3fa7" testId="8e55d1ff-8673-4ee7-9e49-29b4bce1403c" testName="Microsoft.DotNet.Tests.GivenAProjectToolsCommandResolver.It_returns_null_when_CommandName_is_null" computerName="josequMac" duration="00:00:00.0010000" startTime="2017-01-17T10:39:34.2145480-08:00" endTime="2017-01-17T10:39:34.2145130-08:00" testType="13cdc9d9-ddb5-4fa4-a97d-d965ccfc6d4b" outcome="Passed" testListId="8c84fa94-04c1-424b-9868-57a2d4851a1d" relativeResultsDirectory="77821060-8392-44dc-835c-241472fc3fa7" />
    <UnitTestResult executionId="a3d75d8d-2b8c-4b89-b0ee-f1eae8c8a63c" testId="b92ba234-f161-4095-ab1e-bcc92e190689" testName="Microsoft.DotNet.Tests.GivenAProjectToolsCommandResolver.It_returns_a_CommandSpec_with_DOTNET_as_FileName_and_CommandName_in_Args_when_CommandName_exists_in_ProjectTools" computerName="josequMac" duration="00:00:00.3240000" startTime="2017-01-17T10:39:35.7247880-08:00" endTime="2017-01-17T10:39:35.7247510-08:00" testType="13cdc9d9-ddb5-4fa4-a97d-d965ccfc6d4b" outcome="Passed" testListId="8c84fa94-04c1-424b-9868-57a2d4851a1d" relativeResultsDirectory="a3d75d8d-2b8c-4b89-b0ee-f1eae8c8a63c" />
    <UnitTestResult executionId="384a2661-7078-4dc5-8cd7-3aafa3b39206" testId="c293c43a-ee63-46a5-905d-adec9aadcec3" testName="Microsoft.DotNet.Tests.GivenAProjectToolsCommandResolver.It_returns_null_when_ProjectDirectory_is_null" computerName="josequMac" duration="00:00:00.0010000" startTime="2017-01-17T10:39:35.7249710-08:00" endTime="2017-01-17T10:39:35.7249390-08:00" testType="13cdc9d9-ddb5-4fa4-a97d-d965ccfc6d4b" outcome="Passed" testListId="8c84fa94-04c1-424b-9868-57a2d4851a1d" relativeResultsDirectory="384a2661-7078-4dc5-8cd7-3aafa3b39206" />
    <UnitTestResult executionId="1628c0ef-fdfc-4b02-a9ce-858595a9647c" testId="0a25ea2a-bb13-40cf-a1b3-c7b256079b9a" testName="Microsoft.DotNet.Tests.GivenAProjectToolsCommandResolver.It_writes_a_deps_json_file_next_to_the_lockfile" computerName="josequMac" duration="00:00:00.2650000" startTime="2017-01-17T10:39:35.7251310-08:00" endTime="2017-01-17T10:39:35.7250960-08:00" testType="13cdc9d9-ddb5-4fa4-a97d-d965ccfc6d4b" outcome="Passed" testListId="8c84fa94-04c1-424b-9868-57a2d4851a1d" relativeResultsDirectory="1628c0ef-fdfc-4b02-a9ce-858595a9647c" />
    <UnitTestResult executionId="8d7e1e8d-9def-45c5-be28-70e6a304f374" testId="01c4eae1-b548-4d13-bd33-c510949a2de4" testName="Microsoft.DotNet.Tests.GivenAProjectToolsCommandResolver.It_returns_null_when_ProjectDirectory_does_not_contain_a_project_file" computerName="josequMac" duration="00:00:00.0040000" startTime="2017-01-17T10:39:35.7252930-08:00" endTime="2017-01-17T10:39:35.7252580-08:00" testType="13cdc9d9-ddb5-4fa4-a97d-d965ccfc6d4b" outcome="Passed" testListId="8c84fa94-04c1-424b-9868-57a2d4851a1d" relativeResultsDirectory="8d7e1e8d-9def-45c5-be28-70e6a304f374" />
    <UnitTestResult executionId="deffa162-102f-419c-b5e7-e26db6241835" testId="d7c44511-3df1-4c07-bc4c-a419c74a2e93" testName="Microsoft.DotNet.Tests.GivenAProjectToolsCommandResolver.It_adds_fx_version_as_a_param_when_the_tool_has_the_prefercliruntime_file" computerName="josequMac" duration="00:00:01.0700000" startTime="2017-01-17T10:39:35.7254500-08:00" endTime="2017-01-17T10:39:35.7254140-08:00" testType="13cdc9d9-ddb5-4fa4-a97d-d965ccfc6d4b" outcome="Passed" testListId="8c84fa94-04c1-424b-9868-57a2d4851a1d" relativeResultsDirectory="deffa162-102f-419c-b5e7-e26db6241835" />
    <UnitTestResult executionId="c4c7165e-5293-4069-a362-9a1e926947e6" testId="0609bebc-f85b-4c8c-a880-f3dc8c518e3f" testName="Microsoft.DotNet.Tests.GivenAProjectToolsCommandResolver.It_returns_a_CommandSpec_with_Args_containing_CommandPath_when_returning_a_CommandSpec_and_CommandArguments_are_null" computerName="josequMac" duration="00:00:00.3240000" startTime="2017-01-17T10:39:37.2283180-08:00" endTime="2017-01-17T10:39:37.2282740-08:00" testType="13cdc9d9-ddb5-4fa4-a97d-d965ccfc6d4b" outcome="Passed" testListId="8c84fa94-04c1-424b-9868-57a2d4851a1d" relativeResultsDirectory="c4c7165e-5293-4069-a362-9a1e926947e6" />
    <UnitTestResult executionId="8b223b2b-805c-4c5d-9361-28e7786cfb70" testId="f7186cd9-06eb-458f-b97e-06f6220708ae" testName="Microsoft.DotNet.Tests.GivenAProjectToolsCommandResolver.It_escapes_CommandArguments_when_returning_a_CommandSpec" computerName="josequMac" duration="00:00:00.3150000" startTime="2017-01-17T10:39:37.2285580-08:00" endTime="2017-01-17T10:39:37.2285100-08:00" testType="13cdc9d9-ddb5-4fa4-a97d-d965ccfc6d4b" outcome="Passed" testListId="8c84fa94-04c1-424b-9868-57a2d4851a1d" relativeResultsDirectory="8b223b2b-805c-4c5d-9361-28e7786cfb70" />
    <UnitTestResult executionId="981fc739-1bad-4237-b633-92e37549d9bf" testId="28fd7c76-3ff4-4e37-a051-5a460a1bc925" testName="Microsoft.DotNet.Cli.Utils.Tests.GivenAProjectDependencyCommandResolver.ItSetsDepsfileToOutputInCommandspecForMSBuild" computerName="josequMac" duration="00:00:05.9950000" startTime="2017-01-17T10:39:37.2287440-08:00" endTime="2017-01-17T10:39:37.2286990-08:00" testType="13cdc9d9-ddb5-4fa4-a97d-d965ccfc6d4b" outcome="Passed" testListId="8c84fa94-04c1-424b-9868-57a2d4851a1d" relativeResultsDirectory="981fc739-1bad-4237-b633-92e37549d9bf" />
    <UnitTestResult executionId="5f31300c-e29d-4a0d-ae81-c128946b397c" testId="7911ee4b-024a-4f55-90a7-19a7bccbe646" testName="Microsoft.DotNet.Cli.Utils.Tests.GivenAProjectDependenciesCommandFactory.It_resolves_tools_whose_package_name_is_different_than_dll_name" computerName="josequMac" duration="00:00:06.3290000" startTime="2017-01-17T10:39:37.2289340-08:00" endTime="2017-01-17T10:39:37.2288910-08:00" testType="13cdc9d9-ddb5-4fa4-a97d-d965ccfc6d4b" outcome="Passed" testListId="8c84fa94-04c1-424b-9868-57a2d4851a1d" relativeResultsDirectory="5f31300c-e29d-4a0d-ae81-c128946b397c" />
    <UnitTestResult executionId="5c4d25a7-181a-40ca-9882-d6bb12e0065c" testId="80107c14-d010-4384-a2d7-adb4d6916028" testName="Microsoft.DotNet.Cli.Utils.Tests.GivenAProjectDependencyCommandResolver.ItPassesDepsfileArgToHostWhenReturningACommandSpecForMSBuildProject" computerName="josequMac" duration="00:00:05.7400000" startTime="2017-01-17T10:39:42.3273230-08:00" endTime="2017-01-17T10:39:42.3272900-08:00" testType="13cdc9d9-ddb5-4fa4-a97d-d965ccfc6d4b" outcome="Passed" testListId="8c84fa94-04c1-424b-9868-57a2d4851a1d" relativeResultsDirectory="5c4d25a7-181a-40ca-9882-d6bb12e0065c" />
    <UnitTestResult executionId="07452664-f1f4-48fa-ae39-a1e2b368a29b" testId="7a742fcb-3c82-4540-993e-282fe167e20a" testName="Microsoft.DotNet.Cli.Utils.Tests.GivenAppThrowingException.ItShowsStackTraceWhenRunAsTool" computerName="josequMac" duration="00:00:15.5720000" startTime="2017-01-17T10:39:46.1627740-08:00" endTime="2017-01-17T10:39:46.1627430-08:00" testType="13cdc9d9-ddb5-4fa4-a97d-d965ccfc6d4b" outcome="Passed" testListId="8c84fa94-04c1-424b-9868-57a2d4851a1d" relativeResultsDirectory="07452664-f1f4-48fa-ae39-a1e2b368a29b" />
    <UnitTestResult executionId="310f59f7-50c9-4098-94b1-541542482c3a" testId="48398670-0de8-4511-98be-2a959a131741" testName="Microsoft.DotNet.Cli.Utils.Tests.GivenAProjectDependencyCommandResolver.ItReturnsACommandSpecWhenToolIsInAProjectRef" computerName="josequMac" duration="00:00:05.3120000" startTime="2017-01-17T10:39:47.6683320-08:00" endTime="2017-01-17T10:39:47.6682970-08:00" testType="13cdc9d9-ddb5-4fa4-a97d-d965ccfc6d4b" outcome="Passed" testListId="8c84fa94-04c1-424b-9868-57a2d4851a1d" relativeResultsDirectory="310f59f7-50c9-4098-94b1-541542482c3a" />
    <UnitTestResult executionId="df1a5b7d-562b-45e2-8f8c-cf97d22536e5" testId="4a1f00cb-47dc-4365-b74e-f820597be98e" testName="Microsoft.DotNet.Cli.Utils.Tests.GivenAProjectDependencyCommandResolver.ItReturnsNullWhenCommandNameDoesNotExistInProjectDependenciesForMSBuildProject" computerName="josequMac" duration="00:00:00.0060000" startTime="2017-01-17T10:39:47.6684980-08:00" endTime="2017-01-17T10:39:47.6684710-08:00" testType="13cdc9d9-ddb5-4fa4-a97d-d965ccfc6d4b" outcome="Passed" testListId="8c84fa94-04c1-424b-9868-57a2d4851a1d" relativeResultsDirectory="df1a5b7d-562b-45e2-8f8c-cf97d22536e5" />
    <UnitTestResult executionId="e50a5f88-58ee-4831-8b66-9baef294b8b5" testId="956ab826-0b84-4395-8c6f-9609deec6378" testName="Microsoft.DotNet.Cli.Utils.Tests.GivenAppThrowingException.ItShowsStackTraceWhenRun" computerName="josequMac" duration="00:00:10.8350000" startTime="2017-01-17T10:39:57.1159080-08:00" endTime="2017-01-17T10:39:57.1158870-08:00" testType="13cdc9d9-ddb5-4fa4-a97d-d965ccfc6d4b" outcome="Failed" testListId="8c84fa94-04c1-424b-9868-57a2d4851a1d" relativeResultsDirectory="e50a5f88-58ee-4831-8b66-9baef294b8b5">
      <Output>
        <ErrorInfo>
          <Message>The command error output did not contain expected result: Unhandled Exception: AppThrowing.MyException: Exception of type 'AppThrowing.MyException' was thrown.

File Name: /Users/josequ/dev/cli/artifacts/osx.10.11-x64/stage2/dotnet
Arguments: run 
WorkingDir:: /Users/josequ/dev/cli/test/Microsoft.DotNet.Cli.Utils.Tests/bin/Debug/netcoreapp1.0/ItShowsStackTraceWhenRun/AppThrowingException/App
Exit Code: 134
StdOut:

StdErr:

Unhandled Exception: Microsoft.Build.Exceptions.InvalidProjectFileException: The imported project "/Users/josequ/dev/cli/artifacts/osx.10.11-x64/stage2/sdk/1.0.0-rc4-004540/15.0/Microsoft.Common.props" was not found. Confirm that the path in the &lt;Import&gt; declaration is correct, and that the file exists on disk.  /Users/josequ/dev/cli/artifacts/osx.10.11-x64/stage2/sdk/1.0.0-rc4-004540/Sdks/Microsoft.NET.Sdk/Sdk/Sdk.props
   at Microsoft.Build.Shared.ProjectErrorUtilities.ThrowInvalidProject(String errorSubCategoryResourceName, IElementLocation elementLocation, String resourceName, Object[] args)
   at Microsoft.Build.Shared.ProjectErrorUtilities.ThrowInvalidProject(IElementLocation elementLocation, String resourceName, Object arg0)
   at Microsoft.Build.Evaluation.Evaluator`4.ExpandAndLoadImportsFromUnescapedImportExpression(String directoryOfImportingFile, ProjectImportElement importElement, String unescapedExpression, Boolean throwOnFileNotExistsError, List`1&amp; imports)
   at Microsoft.Build.Evaluation.Evaluator`4.ExpandAndLoadImportsFromUnescapedImportExpressionConditioned(String directoryOfImportingFile, ProjectImportElement importElement, String unescapedExpression, List`1&amp; projects, Boolean throwOnFileNotExistsError)
   at Microsoft.Build.Evaluation.Evaluator`4.ExpandAndLoadImports(String directoryOfImportingFile, ProjectImportElement importElement)
   at Microsoft.Build.Evaluation.Evaluator`4.EvaluateImportElement(String directoryOfImportingFile, ProjectImportElement importElement)
   at Microsoft.Build.Evaluation.Evaluator`4.PerformDepthFirstPass(ProjectRootElement currentProjectOrImport)
   at Microsoft.Build.Evaluation.Evaluator`4.EvaluateImportElement(String directoryOfImportingFile, ProjectImportElement importElement)
   at Microsoft.Build.Evaluation.Evaluator`4.PerformDepthFirstPass(ProjectRootElement currentProjectOrImport)
   at Microsoft.Build.Evaluation.Evaluator`4.Evaluate()
   at Microsoft.Build.Execution.ProjectInstance.Initialize(ProjectRootElement xml, IDictionary`2 globalProperties, String explicitToolsVersion, String explicitSubToolsetVersion, Int32 visualStudioVersionFromSolution, BuildParameters buildParameters, ILoggingService loggingService, BuildEventContext buildEventContext)
   at Microsoft.Build.Execution.ProjectInstance..ctor(String projectFile, IDictionary`2 globalProperties, String toolsVersion, String subToolsetVersion, ProjectCollection projectCollection)
   at Microsoft.Build.Execution.ProjectInstance..ctor(String projectFile, IDictionary`2 globalProperties, String toolsVersion)
   at Microsoft.DotNet.Tools.Run.RunCommand.GetRunCommand()
   at Microsoft.DotNet.Tools.Run.RunCommand.Start()
   at Microsoft.DotNet.Tools.Run.RunCommand.&lt;&gt;c__DisplayClass0_0.&lt;Run&gt;b__0()
   at Microsoft.DotNet.Cli.CommandLine.CommandLineApplication.Execute(String[] args)
   at Microsoft.DotNet.Tools.Run.RunCommand.Run(String[] args)
   at Microsoft.DotNet.Cli.Program.ProcessArgs(String[] args, ITelemetry telemetryClient)
   at Microsoft.DotNet.Cli.Program.Main(String[] args)
</Message>
          <StackTrace>   at FluentAssertions.Execution.LateBoundTestFramework.Throw(String message)
   at FluentAssertions.Execution.AssertionScope.FailWith(String message, Object[] args)
   at Microsoft.DotNet.Tools.Test.Utilities.CommandResultAssertions.HaveStdErrContaining(String pattern) in /Users/josequ/dev/cli/test/Microsoft.DotNet.Tools.Tests.Utilities/Assertions/CommandResultAssertions.cs:line 88
   at Microsoft.DotNet.Cli.Utils.Tests.GivenAppThrowingException.ItShowsStackTraceWhenRun() in /Users/josequ/dev/cli/test/Microsoft.DotNet.Cli.Utils.Tests/GivenAppThrowingException.cs:line 31</StackTrace>
        </ErrorInfo>
      </Output>
    </UnitTestResult>
  </Results>
  <TestDefinitions>
    <UnitTest name="Microsoft.DotNet.Cli.Utils.Tests.GivenARootedCommandResolver.It_returns_a_CommandSpec_with_CommandName_as_Path_when_CommandName_is_rooted" storage="/users/josequ/dev/cli/test/microsoft.dotnet.cli.utils.tests/bin/debug/netcoreapp1.0/microsoft.dotnet.cli.utils.tests.dll" id="59aa0839-9d62-425e-b192-16ef141010e8">
      <Execution id="c5f2cf66-fc58-41a9-a60b-95818f684f99" />
      <TestMethod codeBase="/Users/josequ/dev/cli/test/Microsoft.DotNet.Cli.Utils.Tests/bin/Debug/netcoreapp1.0/Microsoft.DotNet.Cli.Utils.Tests.dll" executorUriOfAdapter="executor://xunit/VsTestRunner2" className="Microsoft.DotNet.Cli.Utils.Tests.GivenARootedCommandResolver" name="Microsoft.DotNet.Cli.Utils.Tests.GivenARootedCommandResolver.It_returns_a_CommandSpec_with_CommandName_as_Path_when_CommandName_is_rooted" />
    </UnitTest>
    <UnitTest name="Microsoft.DotNet.Cli.Utils.Tests.GivenARootedCommandResolver.It_returns_null_when_CommandName_is_not_rooted" storage="/users/josequ/dev/cli/test/microsoft.dotnet.cli.utils.tests/bin/debug/netcoreapp1.0/microsoft.dotnet.cli.utils.tests.dll" id="f5984b95-5178-4e02-832d-6a3d6116fb72">
      <Execution id="0959168d-2c60-42d1-b164-d95fe1a1834e" />
      <TestMethod codeBase="/Users/josequ/dev/cli/test/Microsoft.DotNet.Cli.Utils.Tests/bin/Debug/netcoreapp1.0/Microsoft.DotNet.Cli.Utils.Tests.dll" executorUriOfAdapter="executor://xunit/VsTestRunner2" className="Microsoft.DotNet.Cli.Utils.Tests.GivenARootedCommandResolver" name="Microsoft.DotNet.Cli.Utils.Tests.GivenARootedCommandResolver.It_returns_null_when_CommandName_is_not_rooted" />
    </UnitTest>
    <UnitTest name="Microsoft.DotNet.Cli.Utils.Tests.GivenADefaultCommandResolver.It_contains_resolvers_in_the_right_order" storage="/users/josequ/dev/cli/test/microsoft.dotnet.cli.utils.tests/bin/debug/netcoreapp1.0/microsoft.dotnet.cli.utils.tests.dll" id="5ffda14a-1f2a-4a42-9815-b96bf849345c">
      <Execution id="467df984-ed4a-4392-8f44-e352f7995560" />
      <TestMethod codeBase="/Users/josequ/dev/cli/test/Microsoft.DotNet.Cli.Utils.Tests/bin/Debug/netcoreapp1.0/Microsoft.DotNet.Cli.Utils.Tests.dll" executorUriOfAdapter="executor://xunit/VsTestRunner2" className="Microsoft.DotNet.Cli.Utils.Tests.GivenADefaultCommandResolver" name="Microsoft.DotNet.Cli.Utils.Tests.GivenADefaultCommandResolver.It_contains_resolvers_in_the_right_order" />
    </UnitTest>
    <UnitTest name="Microsoft.DotNet.Cli.Utils.Tests.GivenAnAppBaseCommandResolver.It_returns_null_when_CommandName_exists_applocal_in_a_subdirectory" storage="/users/josequ/dev/cli/test/microsoft.dotnet.cli.utils.tests/bin/debug/netcoreapp1.0/microsoft.dotnet.cli.utils.tests.dll" id="04869a2b-da7e-40ca-854c-368de3a22dc5">
      <Execution id="b014cb90-e370-44d3-828f-6c0e07858937" />
      <TestMethod codeBase="/Users/josequ/dev/cli/test/Microsoft.DotNet.Cli.Utils.Tests/bin/Debug/netcoreapp1.0/Microsoft.DotNet.Cli.Utils.Tests.dll" executorUriOfAdapter="executor://xunit/VsTestRunner2" className="Microsoft.DotNet.Cli.Utils.Tests.GivenAnAppBaseCommandResolver" name="Microsoft.DotNet.Cli.Utils.Tests.GivenAnAppBaseCommandResolver.It_returns_null_when_CommandName_exists_applocal_in_a_subdirectory" />
    </UnitTest>
    <UnitTest name="Microsoft.DotNet.Cli.Utils.BlockingMemoryStreamTests.TestReadBlocksUntilWrite" storage="/users/josequ/dev/cli/test/microsoft.dotnet.cli.utils.tests/bin/debug/netcoreapp1.0/microsoft.dotnet.cli.utils.tests.dll" id="a3a1deb8-ac07-4a42-a278-a30b230b9578">
      <Execution id="7bb41cd1-f515-4ac2-b24c-5d8bdb530c66" />
      <TestMethod codeBase="/Users/josequ/dev/cli/test/Microsoft.DotNet.Cli.Utils.Tests/bin/Debug/netcoreapp1.0/Microsoft.DotNet.Cli.Utils.Tests.dll" executorUriOfAdapter="executor://xunit/VsTestRunner2" className="Microsoft.DotNet.Cli.Utils.BlockingMemoryStreamTests" name="Microsoft.DotNet.Cli.Utils.BlockingMemoryStreamTests.TestReadBlocksUntilWrite" />
    </UnitTest>
    <UnitTest name="Microsoft.DotNet.Cli.Utils.BlockingMemoryStreamTests.ReadBiggerBuffer" storage="/users/josequ/dev/cli/test/microsoft.dotnet.cli.utils.tests/bin/debug/netcoreapp1.0/microsoft.dotnet.cli.utils.tests.dll" id="e84a50ce-f909-4a73-832c-0ca8a59289f6">
      <Execution id="c8f5fd6a-7436-4d04-9ee0-ba6938f4616c" />
      <TestMethod codeBase="/Users/josequ/dev/cli/test/Microsoft.DotNet.Cli.Utils.Tests/bin/Debug/netcoreapp1.0/Microsoft.DotNet.Cli.Utils.Tests.dll" executorUriOfAdapter="executor://xunit/VsTestRunner2" className="Microsoft.DotNet.Cli.Utils.BlockingMemoryStreamTests" name="Microsoft.DotNet.Cli.Utils.BlockingMemoryStreamTests.ReadBiggerBuffer" />
    </UnitTest>
    <UnitTest name="Microsoft.DotNet.Cli.Utils.BlockingMemoryStreamTests.ReadSmallerBuffers" storage="/users/josequ/dev/cli/test/microsoft.dotnet.cli.utils.tests/bin/debug/netcoreapp1.0/microsoft.dotnet.cli.utils.tests.dll" id="47e5768d-7551-4fad-acd3-cd9efedd3ec3">
      <Execution id="692098f2-ec79-4ef1-9940-b84a620b82c9" />
      <TestMethod codeBase="/Users/josequ/dev/cli/test/Microsoft.DotNet.Cli.Utils.Tests/bin/Debug/netcoreapp1.0/Microsoft.DotNet.Cli.Utils.Tests.dll" executorUriOfAdapter="executor://xunit/VsTestRunner2" className="Microsoft.DotNet.Cli.Utils.BlockingMemoryStreamTests" name="Microsoft.DotNet.Cli.Utils.BlockingMemoryStreamTests.ReadSmallerBuffers" />
    </UnitTest>
    <UnitTest name="Microsoft.DotNet.Cli.Utils.Tests.GivenARootedCommandResolver.It_escapes_CommandArguments_when_returning_a_CommandSpec" storage="/users/josequ/dev/cli/test/microsoft.dotnet.cli.utils.tests/bin/debug/netcoreapp1.0/microsoft.dotnet.cli.utils.tests.dll" id="9184e939-6e89-46a5-bbce-eab8fb4806e0">
      <Execution id="92a349f2-c230-4f47-a963-6dcdac85e739" />
      <TestMethod codeBase="/Users/josequ/dev/cli/test/Microsoft.DotNet.Cli.Utils.Tests/bin/Debug/netcoreapp1.0/Microsoft.DotNet.Cli.Utils.Tests.dll" executorUriOfAdapter="executor://xunit/VsTestRunner2" className="Microsoft.DotNet.Cli.Utils.Tests.GivenARootedCommandResolver" name="Microsoft.DotNet.Cli.Utils.Tests.GivenARootedCommandResolver.It_escapes_CommandArguments_when_returning_a_CommandSpec" />
    </UnitTest>
    <UnitTest name="Microsoft.DotNet.Cli.Utils.Tests.GivenAnAppBaseCommandResolver.It_escapes_CommandArguments_when_returning_a_CommandSpec" storage="/users/josequ/dev/cli/test/microsoft.dotnet.cli.utils.tests/bin/debug/netcoreapp1.0/microsoft.dotnet.cli.utils.tests.dll" id="23c4c355-f972-4750-a316-6a9d0465eed6">
      <Execution id="3314faca-11f0-4b82-b8dd-5599d338c3aa" />
      <TestMethod codeBase="/Users/josequ/dev/cli/test/Microsoft.DotNet.Cli.Utils.Tests/bin/Debug/netcoreapp1.0/Microsoft.DotNet.Cli.Utils.Tests.dll" executorUriOfAdapter="executor://xunit/VsTestRunner2" className="Microsoft.DotNet.Cli.Utils.Tests.GivenAnAppBaseCommandResolver" name="Microsoft.DotNet.Cli.Utils.Tests.GivenAnAppBaseCommandResolver.It_escapes_CommandArguments_when_returning_a_CommandSpec" />
    </UnitTest>
    <UnitTest name="Microsoft.DotNet.Cli.Utils.Tests.GivenARootedCommandResolver.It_returns_null_when_CommandName_is_null" storage="/users/josequ/dev/cli/test/microsoft.dotnet.cli.utils.tests/bin/debug/netcoreapp1.0/microsoft.dotnet.cli.utils.tests.dll" id="f77f7ee5-a564-42c9-931f-94435adf86e9">
      <Execution id="98cb064d-9053-4fcd-a656-72820fd29a9d" />
      <TestMethod codeBase="/Users/josequ/dev/cli/test/Microsoft.DotNet.Cli.Utils.Tests/bin/Debug/netcoreapp1.0/Microsoft.DotNet.Cli.Utils.Tests.dll" executorUriOfAdapter="executor://xunit/VsTestRunner2" className="Microsoft.DotNet.Cli.Utils.Tests.GivenARootedCommandResolver" name="Microsoft.DotNet.Cli.Utils.Tests.GivenARootedCommandResolver.It_returns_null_when_CommandName_is_null" />
    </UnitTest>
    <UnitTest name="Microsoft.DotNet.Cli.Utils.Tests.GivenAnAppBaseCommandResolver.It_returns_a_CommandSpec_with_CommandName_as_FileName_when_CommandName_exists_applocal" storage="/users/josequ/dev/cli/test/microsoft.dotnet.cli.utils.tests/bin/debug/netcoreapp1.0/microsoft.dotnet.cli.utils.tests.dll" id="c8e018bd-de8a-4cb5-bed4-78d82aa7b112">
      <Execution id="c29e62ca-24f1-47be-b5e0-8ce31ea98360" />
      <TestMethod codeBase="/Users/josequ/dev/cli/test/Microsoft.DotNet.Cli.Utils.Tests/bin/Debug/netcoreapp1.0/Microsoft.DotNet.Cli.Utils.Tests.dll" executorUriOfAdapter="executor://xunit/VsTestRunner2" className="Microsoft.DotNet.Cli.Utils.Tests.GivenAnAppBaseCommandResolver" name="Microsoft.DotNet.Cli.Utils.Tests.GivenAnAppBaseCommandResolver.It_returns_a_CommandSpec_with_CommandName_as_FileName_when_CommandName_exists_applocal" />
    </UnitTest>
    <UnitTest name="Microsoft.DotNet.Cli.Utils.Tests.GivenARootedCommandResolver.It_returns_a_CommandSpec_with_Args_as_stringEmpty_when_returning_a_CommandSpec_and_CommandArguments_are_null" storage="/users/josequ/dev/cli/test/microsoft.dotnet.cli.utils.tests/bin/debug/netcoreapp1.0/microsoft.dotnet.cli.utils.tests.dll" id="b4556a96-70ce-4230-bdfb-f4d3b689fb4b">
      <Execution id="89f3b444-38e8-4530-bf7f-43a00265d170" />
      <TestMethod codeBase="/Users/josequ/dev/cli/test/Microsoft.DotNet.Cli.Utils.Tests/bin/Debug/netcoreapp1.0/Microsoft.DotNet.Cli.Utils.Tests.dll" executorUriOfAdapter="executor://xunit/VsTestRunner2" className="Microsoft.DotNet.Cli.Utils.Tests.GivenARootedCommandResolver" name="Microsoft.DotNet.Cli.Utils.Tests.GivenARootedCommandResolver.It_returns_a_CommandSpec_with_Args_as_stringEmpty_when_returning_a_CommandSpec_and_CommandArguments_are_null" />
    </UnitTest>
    <UnitTest name="Microsoft.DotNet.Cli.Utils.Tests.GivenAnAppBaseCommandResolver.It_returns_a_CommandSpec_with_Args_as_stringEmpty_when_returning_a_CommandSpec_and_CommandArguments_are_null" storage="/users/josequ/dev/cli/test/microsoft.dotnet.cli.utils.tests/bin/debug/netcoreapp1.0/microsoft.dotnet.cli.utils.tests.dll" id="88992ec9-bccb-46f1-a309-773bb56d2399">
      <Execution id="a095a20f-3799-40db-bbeb-5568f91e7a41" />
      <TestMethod codeBase="/Users/josequ/dev/cli/test/Microsoft.DotNet.Cli.Utils.Tests/bin/Debug/netcoreapp1.0/Microsoft.DotNet.Cli.Utils.Tests.dll" executorUriOfAdapter="executor://xunit/VsTestRunner2" className="Microsoft.DotNet.Cli.Utils.Tests.GivenAnAppBaseCommandResolver" name="Microsoft.DotNet.Cli.Utils.Tests.GivenAnAppBaseCommandResolver.It_returns_a_CommandSpec_with_Args_as_stringEmpty_when_returning_a_CommandSpec_and_CommandArguments_are_null" />
    </UnitTest>
    <UnitTest name="Microsoft.DotNet.Cli.Utils.Tests.GivenAnAppBaseCommandResolver.It_returns_null_when_CommandName_does_not_exist_applocal" storage="/users/josequ/dev/cli/test/microsoft.dotnet.cli.utils.tests/bin/debug/netcoreapp1.0/microsoft.dotnet.cli.utils.tests.dll" id="eaa51dd0-07b7-4e18-9b31-c8a503451318">
      <Execution id="406f8fa5-8053-4a34-8da1-594dc178a136" />
      <TestMethod codeBase="/Users/josequ/dev/cli/test/Microsoft.DotNet.Cli.Utils.Tests/bin/Debug/netcoreapp1.0/Microsoft.DotNet.Cli.Utils.Tests.dll" executorUriOfAdapter="executor://xunit/VsTestRunner2" className="Microsoft.DotNet.Cli.Utils.Tests.GivenAnAppBaseCommandResolver" name="Microsoft.DotNet.Cli.Utils.Tests.GivenAnAppBaseCommandResolver.It_returns_null_when_CommandName_does_not_exist_applocal" />
    </UnitTest>
    <UnitTest name="Microsoft.DotNet.Cli.Utils.Tests.GivenAnAppBaseCommandResolver.It_returns_null_when_CommandName_is_null" storage="/users/josequ/dev/cli/test/microsoft.dotnet.cli.utils.tests/bin/debug/netcoreapp1.0/microsoft.dotnet.cli.utils.tests.dll" id="822b31e4-dc6a-4e30-8358-c00f1efb4116">
      <Execution id="01b55c26-fff1-4ab4-ba3e-f3b3128689ee" />
      <TestMethod codeBase="/Users/josequ/dev/cli/test/Microsoft.DotNet.Cli.Utils.Tests/bin/Debug/netcoreapp1.0/Microsoft.DotNet.Cli.Utils.Tests.dll" executorUriOfAdapter="executor://xunit/VsTestRunner2" className="Microsoft.DotNet.Cli.Utils.Tests.GivenAnAppBaseCommandResolver" name="Microsoft.DotNet.Cli.Utils.Tests.GivenAnAppBaseCommandResolver.It_returns_null_when_CommandName_is_null" />
    </UnitTest>
    <UnitTest name="Microsoft.DotNet.Cli.Utils.Tests.GivenAScriptCommandResolver.It_contains_resolvers_in_the_right_order" storage="/users/josequ/dev/cli/test/microsoft.dotnet.cli.utils.tests/bin/debug/netcoreapp1.0/microsoft.dotnet.cli.utils.tests.dll" id="de6c6026-3ac7-48ea-aeb2-94d6285101fa">
      <Execution id="63e16591-aeb2-4594-95f6-c3627a2a23cf" />
      <TestMethod codeBase="/Users/josequ/dev/cli/test/Microsoft.DotNet.Cli.Utils.Tests/bin/Debug/netcoreapp1.0/Microsoft.DotNet.Cli.Utils.Tests.dll" executorUriOfAdapter="executor://xunit/VsTestRunner2" className="Microsoft.DotNet.Cli.Utils.Tests.GivenAScriptCommandResolver" name="Microsoft.DotNet.Cli.Utils.Tests.GivenAScriptCommandResolver.It_contains_resolvers_in_the_right_order" />
    </UnitTest>
    <UnitTest name="Microsoft.DotNet.Cli.Utils.Tests.GivenAnAppBaseCommandResolver.It_prefers_EXE_over_CMD_when_two_command_candidates_exist_and_using_WindowsExePreferredCommandSpecFactory" storage="/users/josequ/dev/cli/test/microsoft.dotnet.cli.utils.tests/bin/debug/netcoreapp1.0/microsoft.dotnet.cli.utils.tests.dll" id="b38483d7-47fc-4b75-98a3-78c7e3d8399a">
      <Execution id="f9dcee6e-6b50-4833-9881-a2d361577e85" />
      <TestMethod codeBase="/Users/josequ/dev/cli/test/Microsoft.DotNet.Cli.Utils.Tests/bin/Debug/netcoreapp1.0/Microsoft.DotNet.Cli.Utils.Tests.dll" executorUriOfAdapter="executor://xunit/VsTestRunner2" className="Microsoft.DotNet.Cli.Utils.Tests.GivenAnAppBaseCommandResolver" name="Microsoft.DotNet.Cli.Utils.Tests.GivenAnAppBaseCommandResolver.It_prefers_EXE_over_CMD_when_two_command_candidates_exist_and_using_WindowsExePreferredCommandSpecFactory" />
    </UnitTest>
    <UnitTest name="Microsoft.DotNet.Cli.Utils.Tests.GivenAProjectPathCommandResolver.It_prefers_EXE_over_CMD_when_two_command_candidates_exist_and_using_WindowsExePreferredCommandSpecFactory" storage="/users/josequ/dev/cli/test/microsoft.dotnet.cli.utils.tests/bin/debug/netcoreapp1.0/microsoft.dotnet.cli.utils.tests.dll" id="40cd6952-c9c2-4c71-8fd3-ab3c84a55eaa">
      <Execution id="ea88a91b-8895-4bd6-9f79-280686499d8b" />
      <TestMethod codeBase="/Users/josequ/dev/cli/test/Microsoft.DotNet.Cli.Utils.Tests/bin/Debug/netcoreapp1.0/Microsoft.DotNet.Cli.Utils.Tests.dll" executorUriOfAdapter="executor://xunit/VsTestRunner2" className="Microsoft.DotNet.Cli.Utils.Tests.GivenAProjectPathCommandResolver" name="Microsoft.DotNet.Cli.Utils.Tests.GivenAProjectPathCommandResolver.It_prefers_EXE_over_CMD_when_two_command_candidates_exist_and_using_WindowsExePreferredCommandSpecFactory" />
    </UnitTest>
    <UnitTest name="Microsoft.DotNet.Cli.Utils.Tests.GivenAProjectPathCommandResolver.It_returns_null_when_ProjectDirectory_is_null" storage="/users/josequ/dev/cli/test/microsoft.dotnet.cli.utils.tests/bin/debug/netcoreapp1.0/microsoft.dotnet.cli.utils.tests.dll" id="b00183e8-ad8f-4c6b-b88f-d9ad59ae9f28">
      <Execution id="8b63134f-e959-412c-a85e-0a694e977bcd" />
      <TestMethod codeBase="/Users/josequ/dev/cli/test/Microsoft.DotNet.Cli.Utils.Tests/bin/Debug/netcoreapp1.0/Microsoft.DotNet.Cli.Utils.Tests.dll" executorUriOfAdapter="executor://xunit/VsTestRunner2" className="Microsoft.DotNet.Cli.Utils.Tests.GivenAProjectPathCommandResolver" name="Microsoft.DotNet.Cli.Utils.Tests.GivenAProjectPathCommandResolver.It_returns_null_when_ProjectDirectory_is_null" />
    </UnitTest>
    <UnitTest name="Microsoft.DotNet.Cli.Utils.Tests.GivenAProjectPathCommandResolver.It_returns_null_when_CommandName_exists_in_a_subdirectory_of_ProjectDirectory" storage="/users/josequ/dev/cli/test/microsoft.dotnet.cli.utils.tests/bin/debug/netcoreapp1.0/microsoft.dotnet.cli.utils.tests.dll" id="7457a13f-2c8d-40cc-96e0-55039202023c">
      <Execution id="6a3958a6-1502-4d9c-9d33-03863af9cdf9" />
      <TestMethod codeBase="/Users/josequ/dev/cli/test/Microsoft.DotNet.Cli.Utils.Tests/bin/Debug/netcoreapp1.0/Microsoft.DotNet.Cli.Utils.Tests.dll" executorUriOfAdapter="executor://xunit/VsTestRunner2" className="Microsoft.DotNet.Cli.Utils.Tests.GivenAProjectPathCommandResolver" name="Microsoft.DotNet.Cli.Utils.Tests.GivenAProjectPathCommandResolver.It_returns_null_when_CommandName_exists_in_a_subdirectory_of_ProjectDirectory" />
    </UnitTest>
    <UnitTest name="Microsoft.DotNet.Cli.Utils.Tests.GivenAProjectPathCommandResolver.It_returns_null_when_CommandName_does_not_exist_in_ProjectDirectory" storage="/users/josequ/dev/cli/test/microsoft.dotnet.cli.utils.tests/bin/debug/netcoreapp1.0/microsoft.dotnet.cli.utils.tests.dll" id="00f18a7b-ebb2-40ad-bf54-4418b9c56a50">
      <Execution id="5a0c4c1d-b686-49cf-9ec0-b2b500e9e5b5" />
      <TestMethod codeBase="/Users/josequ/dev/cli/test/Microsoft.DotNet.Cli.Utils.Tests/bin/Debug/netcoreapp1.0/Microsoft.DotNet.Cli.Utils.Tests.dll" executorUriOfAdapter="executor://xunit/VsTestRunner2" className="Microsoft.DotNet.Cli.Utils.Tests.GivenAProjectPathCommandResolver" name="Microsoft.DotNet.Cli.Utils.Tests.GivenAProjectPathCommandResolver.It_returns_null_when_CommandName_does_not_exist_in_ProjectDirectory" />
    </UnitTest>
    <UnitTest name="Microsoft.DotNet.Cli.Utils.Tests.GivenAProjectPathCommandResolver.It_resolves_commands_with_extensions_defined_in_InferredExtensions" storage="/users/josequ/dev/cli/test/microsoft.dotnet.cli.utils.tests/bin/debug/netcoreapp1.0/microsoft.dotnet.cli.utils.tests.dll" id="00b863a6-10b9-418b-956a-df2ff25e256e">
      <Execution id="7be4e9c9-8cf1-4930-ace0-fb4aa7772720" />
      <TestMethod codeBase="/Users/josequ/dev/cli/test/Microsoft.DotNet.Cli.Utils.Tests/bin/Debug/netcoreapp1.0/Microsoft.DotNet.Cli.Utils.Tests.dll" executorUriOfAdapter="executor://xunit/VsTestRunner2" className="Microsoft.DotNet.Cli.Utils.Tests.GivenAProjectPathCommandResolver" name="Microsoft.DotNet.Cli.Utils.Tests.GivenAProjectPathCommandResolver.It_resolves_commands_with_extensions_defined_in_InferredExtensions" />
    </UnitTest>
    <UnitTest name="Microsoft.DotNet.Cli.Utils.Tests.GivenAProjectPathCommandResolver.It_returns_null_when_CommandName_is_null" storage="/users/josequ/dev/cli/test/microsoft.dotnet.cli.utils.tests/bin/debug/netcoreapp1.0/microsoft.dotnet.cli.utils.tests.dll" id="1f1c1f66-9020-4127-897f-7a82dba043f5">
      <Execution id="6ab3b7c9-d22d-4459-9597-279e8451f134" />
      <TestMethod codeBase="/Users/josequ/dev/cli/test/Microsoft.DotNet.Cli.Utils.Tests/bin/Debug/netcoreapp1.0/Microsoft.DotNet.Cli.Utils.Tests.dll" executorUriOfAdapter="executor://xunit/VsTestRunner2" className="Microsoft.DotNet.Cli.Utils.Tests.GivenAProjectPathCommandResolver" name="Microsoft.DotNet.Cli.Utils.Tests.GivenAProjectPathCommandResolver.It_returns_null_when_CommandName_is_null" />
    </UnitTest>
    <UnitTest name="Microsoft.DotNet.Cli.Utils.Tests.GivenAProjectPathCommandResolver.It_returns_a_CommandSpec_with_CommandName_as_FileName_when_CommandName_exists_in_ProjectDirectory" storage="/users/josequ/dev/cli/test/microsoft.dotnet.cli.utils.tests/bin/debug/netcoreapp1.0/microsoft.dotnet.cli.utils.tests.dll" id="f11e0476-4411-448c-af5f-13d8fc203bb2">
      <Execution id="71351e85-eec3-465b-a169-68b4ecb8c627" />
      <TestMethod codeBase="/Users/josequ/dev/cli/test/Microsoft.DotNet.Cli.Utils.Tests/bin/Debug/netcoreapp1.0/Microsoft.DotNet.Cli.Utils.Tests.dll" executorUriOfAdapter="executor://xunit/VsTestRunner2" className="Microsoft.DotNet.Cli.Utils.Tests.GivenAProjectPathCommandResolver" name="Microsoft.DotNet.Cli.Utils.Tests.GivenAProjectPathCommandResolver.It_returns_a_CommandSpec_with_CommandName_as_FileName_when_CommandName_exists_in_ProjectDirectory" />
    </UnitTest>
    <UnitTest name="Microsoft.DotNet.Cli.Utils.Tests.GivenAProjectPathCommandResolver.It_returns_a_CommandSpec_with_Args_as_stringEmpty_when_returning_a_CommandSpec_and_CommandArguments_are_null" storage="/users/josequ/dev/cli/test/microsoft.dotnet.cli.utils.tests/bin/debug/netcoreapp1.0/microsoft.dotnet.cli.utils.tests.dll" id="86fa2af5-1d0e-48f0-bfad-27b50bc681b1">
      <Execution id="84aa8935-76b5-46c0-b792-17a2d534195a" />
      <TestMethod codeBase="/Users/josequ/dev/cli/test/Microsoft.DotNet.Cli.Utils.Tests/bin/Debug/netcoreapp1.0/Microsoft.DotNet.Cli.Utils.Tests.dll" executorUriOfAdapter="executor://xunit/VsTestRunner2" className="Microsoft.DotNet.Cli.Utils.Tests.GivenAProjectPathCommandResolver" name="Microsoft.DotNet.Cli.Utils.Tests.GivenAProjectPathCommandResolver.It_returns_a_CommandSpec_with_Args_as_stringEmpty_when_returning_a_CommandSpec_and_CommandArguments_are_null" />
    </UnitTest>
    <UnitTest name="Microsoft.DotNet.Cli.Utils.Tests.GivenAProjectPathCommandResolver.It_escapes_CommandArguments_when_returning_a_CommandSpec" storage="/users/josequ/dev/cli/test/microsoft.dotnet.cli.utils.tests/bin/debug/netcoreapp1.0/microsoft.dotnet.cli.utils.tests.dll" id="63bb23fa-2b01-4640-a135-5774dbc58607">
      <Execution id="694e6269-434a-44f5-9abb-8661afb091e6" />
      <TestMethod codeBase="/Users/josequ/dev/cli/test/Microsoft.DotNet.Cli.Utils.Tests/bin/Debug/netcoreapp1.0/Microsoft.DotNet.Cli.Utils.Tests.dll" executorUriOfAdapter="executor://xunit/VsTestRunner2" className="Microsoft.DotNet.Cli.Utils.Tests.GivenAProjectPathCommandResolver" name="Microsoft.DotNet.Cli.Utils.Tests.GivenAProjectPathCommandResolver.It_escapes_CommandArguments_when_returning_a_CommandSpec" />
    </UnitTest>
    <UnitTest name="Microsoft.DotNet.Cli.Utils.Tests.GivenAProjectDependenciesCommandFactory.It_resolves_desktop_apps_when_configuration_is_Release" storage="/users/josequ/dev/cli/test/microsoft.dotnet.cli.utils.tests/bin/debug/netcoreapp1.0/microsoft.dotnet.cli.utils.tests.dll" id="ec4546a8-ab2d-41fc-973d-878a6ad39801">
      <Execution id="679c28d4-80fb-4b83-bf10-e718c1173edf" />
      <TestMethod codeBase="/Users/josequ/dev/cli/test/Microsoft.DotNet.Cli.Utils.Tests/bin/Debug/netcoreapp1.0/Microsoft.DotNet.Cli.Utils.Tests.dll" executorUriOfAdapter="executor://xunit/VsTestRunner2" className="Microsoft.DotNet.Cli.Utils.Tests.GivenAProjectDependenciesCommandFactory" name="Microsoft.DotNet.Cli.Utils.Tests.GivenAProjectDependenciesCommandFactory.It_resolves_desktop_apps_when_configuration_is_Release" />
    </UnitTest>
    <UnitTest name="Microsoft.DotNet.Cli.Utils.Tests.GivenAProjectDependenciesCommandFactory.It_resolves_desktop_apps_using_configuration_passed_to_create" storage="/users/josequ/dev/cli/test/microsoft.dotnet.cli.utils.tests/bin/debug/netcoreapp1.0/microsoft.dotnet.cli.utils.tests.dll" id="198ee9c3-1ebc-4af7-9d6f-96ca632cc51c">
      <Execution id="15c429d6-c9e0-408c-b9b5-018672592c93" />
[...]
    </UnitTest>
    <UnitTest name="Microsoft.DotNet.Cli.Utils.Tests.GivenAProjectDependencyCommandResolver.ItPassesDepsfileArgToHostWhenReturningACommandSpecForMSBuildProject" storage="/users/josequ/dev/cli/test/microsoft.dotnet.cli.utils.tests/bin/debug/netcoreapp1.0/microsoft.dotnet.cli.utils.tests.dll" id="80107c14-d010-4384-a2d7-adb4d6916028">
      <Execution id="5c4d25a7-181a-40ca-9882-d6bb12e0065c" />
      <TestMethod codeBase="/Users/josequ/dev/cli/test/Microsoft.DotNet.Cli.Utils.Tests/bin/Debug/netcoreapp1.0/Microsoft.DotNet.Cli.Utils.Tests.dll" executorUriOfAdapter="executor://xunit/VsTestRunner2" className="Microsoft.DotNet.Cli.Utils.Tests.GivenAProjectDependencyCommandResolver" name="Microsoft.DotNet.Cli.Utils.Tests.GivenAProjectDependencyCommandResolver.ItPassesDepsfileArgToHostWhenReturningACommandSpecForMSBuildProject" />
    </UnitTest>
    <UnitTest name="Microsoft.DotNet.Cli.Utils.Tests.GivenAppThrowingException.ItShowsStackTraceWhenRunAsTool" storage="/users/josequ/dev/cli/test/microsoft.dotnet.cli.utils.tests/bin/debug/netcoreapp1.0/microsoft.dotnet.cli.utils.tests.dll" id="7a742fcb-3c82-4540-993e-282fe167e20a">
      <Execution id="07452664-f1f4-48fa-ae39-a1e2b368a29b" />
      <TestMethod codeBase="/Users/josequ/dev/cli/test/Microsoft.DotNet.Cli.Utils.Tests/bin/Debug/netcoreapp1.0/Microsoft.DotNet.Cli.Utils.Tests.dll" executorUriOfAdapter="executor://xunit/VsTestRunner2" className="Microsoft.DotNet.Cli.Utils.Tests.GivenAppThrowingException" name="Microsoft.DotNet.Cli.Utils.Tests.GivenAppThrowingException.ItShowsStackTraceWhenRunAsTool" />
    </UnitTest>
    <UnitTest name="Microsoft.DotNet.Cli.Utils.Tests.GivenAProjectDependencyCommandResolver.ItReturnsACommandSpecWhenToolIsInAProjectRef" storage="/users/josequ/dev/cli/test/microsoft.dotnet.cli.utils.tests/bin/debug/netcoreapp1.0/microsoft.dotnet.cli.utils.tests.dll" id="48398670-0de8-4511-98be-2a959a131741">
      <Execution id="310f59f7-50c9-4098-94b1-541542482c3a" />
      <TestMethod codeBase="/Users/josequ/dev/cli/test/Microsoft.DotNet.Cli.Utils.Tests/bin/Debug/netcoreapp1.0/Microsoft.DotNet.Cli.Utils.Tests.dll" executorUriOfAdapter="executor://xunit/VsTestRunner2" className="Microsoft.DotNet.Cli.Utils.Tests.GivenAProjectDependencyCommandResolver" name="Microsoft.DotNet.Cli.Utils.Tests.GivenAProjectDependencyCommandResolver.ItReturnsACommandSpecWhenToolIsInAProjectRef" />
    </UnitTest>
    <UnitTest name="Microsoft.DotNet.Cli.Utils.Tests.GivenAProjectDependencyCommandResolver.ItReturnsNullWhenCommandNameDoesNotExistInProjectDependenciesForMSBuildProject" storage="/users/josequ/dev/cli/test/microsoft.dotnet.cli.utils.tests/bin/debug/netcoreapp1.0/microsoft.dotnet.cli.utils.tests.dll" id="4a1f00cb-47dc-4365-b74e-f820597be98e">
      <Execution id="df1a5b7d-562b-45e2-8f8c-cf97d22536e5" />
      <TestMethod codeBase="/Users/josequ/dev/cli/test/Microsoft.DotNet.Cli.Utils.Tests/bin/Debug/netcoreapp1.0/Microsoft.DotNet.Cli.Utils.Tests.dll" executorUriOfAdapter="executor://xunit/VsTestRunner2" className="Microsoft.DotNet.Cli.Utils.Tests.GivenAProjectDependencyCommandResolver" name="Microsoft.DotNet.Cli.Utils.Tests.GivenAProjectDependencyCommandResolver.ItReturnsNullWhenCommandNameDoesNotExistInProjectDependenciesForMSBuildProject" />
    </UnitTest>
    <UnitTest name="Microsoft.DotNet.Cli.Utils.Tests.GivenAppThrowingException.ItShowsStackTraceWhenRun" storage="/users/josequ/dev/cli/test/microsoft.dotnet.cli.utils.tests/bin/debug/netcoreapp1.0/microsoft.dotnet.cli.utils.tests.dll" id="956ab826-0b84-4395-8c6f-9609deec6378">
      <Execution id="e50a5f88-58ee-4831-8b66-9baef294b8b5" />
      <TestMethod codeBase="/Users/josequ/dev/cli/test/Microsoft.DotNet.Cli.Utils.Tests/bin/Debug/netcoreapp1.0/Microsoft.DotNet.Cli.Utils.Tests.dll" executorUriOfAdapter="executor://xunit/VsTestRunner2" className="Microsoft.DotNet.Cli.Utils.Tests.GivenAppThrowingException" name="Microsoft.DotNet.Cli.Utils.Tests.GivenAppThrowingException.ItShowsStackTraceWhenRun" />
    </UnitTest>
  </TestDefinitions>
  <TestEntries>
    <TestEntry testId="59aa0839-9d62-425e-b192-16ef141010e8" executionId="c5f2cf66-fc58-41a9-a60b-95818f684f99" testListId="8c84fa94-04c1-424b-9868-57a2d4851a1d" />
    <TestEntry testId="f5984b95-5178-4e02-832d-6a3d6116fb72" executionId="0959168d-2c60-42d1-b164-d95fe1a1834e" testListId="8c84fa94-04c1-424b-9868-57a2d4851a1d" />
    <TestEntry testId="5ffda14a-1f2a-4a42-9815-b96bf849345c" executionId="467df984-ed4a-4392-8f44-e352f7995560" testListId="8c84fa94-04c1-424b-9868-57a2d4851a1d" />
    <TestEntry testId="04869a2b-da7e-40ca-854c-368de3a22dc5" executionId="b014cb90-e370-44d3-828f-6c0e07858937" testListId="8c84fa94-04c1-424b-9868-57a2d4851a1d" />
    <TestEntry testId="a3a1deb8-ac07-4a42-a278-a30b230b9578" executionId="7bb41cd1-f515-4ac2-b24c-5d8bdb530c66" testListId="8c84fa94-04c1-424b-9868-57a2d4851a1d" />
    <TestEntry testId="e84a50ce-f909-4a73-832c-0ca8a59289f6" executionId="c8f5fd6a-7436-4d04-9ee0-ba6938f4616c" testListId="8c84fa94-04c1-424b-9868-57a2d4851a1d" />
    <TestEntry testId="47e5768d-7551-4fad-acd3-cd9efedd3ec3" executionId="692098f2-ec79-4ef1-9940-b84a620b82c9" testListId="8c84fa94-04c1-424b-9868-57a2d4851a1d" />
    <TestEntry testId="9184e939-6e89-46a5-bbce-eab8fb4806e0" executionId="92a349f2-c230-4f47-a963-6dcdac85e739" testListId="8c84fa94-04c1-424b-9868-57a2d4851a1d" />
    <TestEntry testId="23c4c355-f972-4750-a316-6a9d0465eed6" executionId="3314faca-11f0-4b82-b8dd-5599d338c3aa" testListId="8c84fa94-04c1-424b-9868-57a2d4851a1d" />
    <TestEntry testId="f77f7ee5-a564-42c9-931f-94435adf86e9" executionId="98cb064d-9053-4fcd-a656-72820fd29a9d" testListId="8c84fa94-04c1-424b-9868-57a2d4851a1d" />
    <TestEntry testId="c8e018bd-de8a-4cb5-bed4-78d82aa7b112" executionId="c29e62ca-24f1-47be-b5e0-8ce31ea98360" testListId="8c84fa94-04c1-424b-9868-57a2d4851a1d" />
    <TestEntry testId="b4556a96-70ce-4230-bdfb-f4d3b689fb4b" executionId="89f3b444-38e8-4530-bf7f-43a00265d170" testListId="8c84fa94-04c1-424b-9868-57a2d4851a1d" />
    <TestEntry testId="88992ec9-bccb-46f1-a309-773bb56d2399" executionId="a095a20f-3799-40db-bbeb-5568f91e7a41" testListId="8c84fa94-04c1-424b-9868-57a2d4851a1d" />
    <TestEntry testId="eaa51dd0-07b7-4e18-9b31-c8a503451318" executionId="406f8fa5-8053-4a34-8da1-594dc178a136" testListId="8c84fa94-04c1-424b-9868-57a2d4851a1d" />
    <TestEntry testId="822b31e4-dc6a-4e30-8358-c00f1efb4116" executionId="01b55c26-fff1-4ab4-ba3e-f3b3128689ee" testListId="8c84fa94-04c1-424b-9868-57a2d4851a1d" />
    <TestEntry testId="de6c6026-3ac7-48ea-aeb2-94d6285101fa" executionId="63e16591-aeb2-4594-95f6-c3627a2a23cf" testListId="8c84fa94-04c1-424b-9868-57a2d4851a1d" />
    <TestEntry testId="b38483d7-47fc-4b75-98a3-78c7e3d8399a" executionId="f9dcee6e-6b50-4833-9881-a2d361577e85" testListId="8c84fa94-04c1-424b-9868-57a2d4851a1d" />
    <TestEntry testId="40cd6952-c9c2-4c71-8fd3-ab3c84a55eaa" executionId="ea88a91b-8895-4bd6-9f79-280686499d8b" testListId="8c84fa94-04c1-424b-9868-57a2d4851a1d" />
    <TestEntry testId="b00183e8-ad8f-4c6b-b88f-d9ad59ae9f28" executionId="8b63134f-e959-412c-a85e-0a694e977bcd" testListId="8c84fa94-04c1-424b-9868-57a2d4851a1d" />
    <TestEntry testId="7457a13f-2c8d-40cc-96e0-55039202023c" executionId="6a3958a6-1502-4d9c-9d33-03863af9cdf9" testListId="8c84fa94-04c1-424b-9868-57a2d4851a1d" />
    <TestEntry testId="00f18a7b-ebb2-40ad-bf54-4418b9c56a50" executionId="5a0c4c1d-b686-49cf-9ec0-b2b500e9e5b5" testListId="8c84fa94-04c1-424b-9868-57a2d4851a1d" />
    <TestEntry testId="00b863a6-10b9-418b-956a-df2ff25e256e" executionId="7be4e9c9-8cf1-4930-ace0-fb4aa7772720" testListId="8c84fa94-04c1-424b-9868-57a2d4851a1d" />
    <TestEntry testId="1f1c1f66-9020-4127-897f-7a82dba043f5" executionId="6ab3b7c9-d22d-4459-9597-279e8451f134" testListId="8c84fa94-04c1-424b-9868-57a2d4851a1d" />
    <TestEntry testId="f11e0476-4411-448c-af5f-13d8fc203bb2" executionId="71351e85-eec3-465b-a169-68b4ecb8c627" testListId="8c84fa94-04c1-424b-9868-57a2d4851a1d" />
    <TestEntry testId="86fa2af5-1d0e-48f0-bfad-27b50bc681b1" executionId="84aa8935-76b5-46c0-b792-17a2d534195a" testListId="8c84fa94-04c1-424b-9868-57a2d4851a1d" />
    <TestEntry testId="63bb23fa-2b01-4640-a135-5774dbc58607" executionId="694e6269-434a-44f5-9abb-8661afb091e6" testListId="8c84fa94-04c1-424b-9868-57a2d4851a1d" />
    <TestEntry testId="ec4546a8-ab2d-41fc-973d-878a6ad39801" executionId="679c28d4-80fb-4b83-bf10-e718c1173edf" testListId="8c84fa94-04c1-424b-9868-57a2d4851a1d" />
    <TestEntry testId="198ee9c3-1ebc-4af7-9d6f-96ca632cc51c" executionId="15c429d6-c9e0-408c-b9b5-018672592c93" testListId="8c84fa94-04c1-424b-9868-57a2d4851a1d" />
    <TestEntry testId="31afdcb1-a127-4d85-8b14-60d9bf3e6abf" executionId="6872c563-70a9-45d4-9774-6ed43fdea781" testListId="8c84fa94-04c1-424b-9868-57a2d4851a1d" />
    <TestEntry testId="b4eb67fb-9e3c-47ba-9b58-aee4f48b58b9" executionId="547ce718-fdff-40ef-952f-67182eea5e31" testListId="8c84fa94-04c1-424b-9868-57a2d4851a1d" />
    <TestEntry testId="b511859f-20a2-4f86-b7b9-18e463febcec" executionId="7decfe2d-b51e-489d-811d-ab1fd93e02ae" testListId="8c84fa94-04c1-424b-9868-57a2d4851a1d" />
    <TestEntry testId="f785aadb-0777-4876-8cf0-0c8796491fb8" executionId="704b2d30-7a55-44aa-ae9a-6d34c5dc0d53" testListId="8c84fa94-04c1-424b-9868-57a2d4851a1d" />
    <TestEntry testId="7ea2cc39-3638-41c1-acd8-a1569871519e" executionId="0baa0ad1-ffb8-4548-b760-33f45a8dec6d" testListId="8c84fa94-04c1-424b-9868-57a2d4851a1d" />
    <TestEntry testId="af62b9d5-4618-4aa6-b945-60b46381cc80" executionId="cf50aae5-439a-4218-ae70-f15fa3db8f8b" testListId="8c84fa94-04c1-424b-9868-57a2d4851a1d" />
    <TestEntry testId="012e051b-d301-4b28-b60b-677034c60094" executionId="c2098cf3-4cfc-457e-aa14-468acdd40931" testListId="8c84fa94-04c1-424b-9868-57a2d4851a1d" />
    <TestEntry testId="9faeee57-7869-4ed5-9846-a1688cb4c756" executionId="709fdf5a-1459-465b-be5c-44d876733dad" testListId="8c84fa94-04c1-424b-9868-57a2d4851a1d" />
    <TestEntry testId="acd8112a-7930-4df2-934c-458eeeb2542e" executionId="9e36a94f-5eeb-44ca-9a82-8bc6f829ab2a" testListId="8c84fa94-04c1-424b-9868-57a2d4851a1d" />
    <TestEntry testId="f931b3be-cd89-44cf-9624-01b3bcbd5fa2" executionId="986b4c67-abe2-4274-b3cf-2dd500b81e5b" testListId="8c84fa94-04c1-424b-9868-57a2d4851a1d" />
    <TestEntry testId="5d795236-d93e-499e-aabd-48b5c304a50e" executionId="f0a25896-758b-4d42-910b-59ed4f67dad1" testListId="8c84fa94-04c1-424b-9868-57a2d4851a1d" />
    <TestEntry testId="5b3a2f13-0fd0-478d-bdb1-0601363fce27" executionId="ccb47fb1-aae8-43fc-b4f0-b379711b7fef" testListId="8c84fa94-04c1-424b-9868-57a2d4851a1d" />
    <TestEntry testId="eed31589-1c09-42e7-af7f-23e839b568b2" executionId="2b5a04a9-5575-441a-bef8-ec02cb9fde53" testListId="8c84fa94-04c1-424b-9868-57a2d4851a1d" />
    <TestEntry testId="e28d489a-cf1f-459d-b320-2b66c0c911c2" executionId="3b8a1899-0fef-47d7-a0a7-eeafc6738c85" testListId="8c84fa94-04c1-424b-9868-57a2d4851a1d" />
    <TestEntry testId="e420ad83-af80-48ae-a912-0b0054022cfd" executionId="cbc31e1f-1523-4b0b-a25d-26d7ec2b7e53" testListId="8c84fa94-04c1-424b-9868-57a2d4851a1d" />
    <TestEntry testId="835362d3-9268-40cc-8975-29b8b5573392" executionId="e3cd0f78-03ab-4c5d-8c9e-26d91d20ca4c" testListId="8c84fa94-04c1-424b-9868-57a2d4851a1d" />
    <TestEntry testId="067d05db-de40-4ce5-b748-9dcc792ceba9" executionId="7e26fda7-f0c3-4096-82f2-203564e938e0" testListId="8c84fa94-04c1-424b-9868-57a2d4851a1d" />
    <TestEntry testId="d413222b-403d-4d4c-af33-4d7b83e2c6c9" executionId="1d7d6110-dc12-4286-ac00-9e6a083ed203" testListId="8c84fa94-04c1-424b-9868-57a2d4851a1d" />
    <TestEntry testId="6e6884da-5434-4922-b233-084e6552feac" executionId="8c09e77e-0b59-4cfb-8562-0b506060944e" testListId="8c84fa94-04c1-424b-9868-57a2d4851a1d" />
    <TestEntry testId="e9f7fbc0-4627-4f0c-b5e1-b9b20c60b9cc" executionId="af9c72ce-7202-4519-9738-d785890ee01b" testListId="8c84fa94-04c1-424b-9868-57a2d4851a1d" />
    <TestEntry testId="757f67bf-7fa0-4301-90a7-3fd65697cf13" executionId="ae4b5bdf-83a6-4d0d-afc4-8e87bd80e01c" testListId="8c84fa94-04c1-424b-9868-57a2d4851a1d" />
    <TestEntry testId="bb36740f-f347-4ba5-8e7b-112b10791967" executionId="6a7a9e30-f1de-42a3-b68c-06a17b7c2744" testListId="8c84fa94-04c1-424b-9868-57a2d4851a1d" />
    <TestEntry testId="4efe57de-e1c9-4cec-ac00-d335f32a4484" executionId="c5759af9-f657-4b98-9519-9ceb2eae8543" testListId="8c84fa94-04c1-424b-9868-57a2d4851a1d" />
    <TestEntry testId="393a1702-c6e6-4456-bed2-66864dbbe634" executionId="52c42ad2-cafa-4ba9-a6e6-745a3c453b34" testListId="8c84fa94-04c1-424b-9868-57a2d4851a1d" />
    <TestEntry testId="8bdd44e8-f91b-40da-a89a-8bfd2a23bb4d" executionId="36de058a-36ab-4532-ad8f-53dc9a0ec4e5" testListId="8c84fa94-04c1-424b-9868-57a2d4851a1d" />
    <TestEntry testId="baaf0487-2d8e-43f5-9410-30e9859a02d6" executionId="f3764b83-8f4a-4a87-b337-21ebd1a00d8c" testListId="8c84fa94-04c1-424b-9868-57a2d4851a1d" />
    <TestEntry testId="0dcdbfec-be74-46f9-b52f-c2ee1ac6d753" executionId="85807dc6-440a-47ad-8eca-03b2d957c03e" testListId="8c84fa94-04c1-424b-9868-57a2d4851a1d" />
    <TestEntry testId="ca4df360-b770-4aaa-84a0-3df0b8bc412c" executionId="986ade75-e423-49dc-8609-a50b8760574e" testListId="8c84fa94-04c1-424b-9868-57a2d4851a1d" />
    <TestEntry testId="7336b9fb-13ae-4a11-bb76-10729df50c63" executionId="4c6b8680-dbed-416e-bd3e-86ba7cc4c09e" testListId="8c84fa94-04c1-424b-9868-57a2d4851a1d" />
    <TestEntry testId="6ae731d3-34db-4bfb-94f3-a9cf03153d0e" executionId="a75c692a-585a-43e1-b8ba-c013d2b1b23b" testListId="8c84fa94-04c1-424b-9868-57a2d4851a1d" />
    <TestEntry testId="75751e0d-1e0e-4728-8898-242e93247f45" executionId="dc3f22e0-3acf-4568-9f55-c9bced850450" testListId="8c84fa94-04c1-424b-9868-57a2d4851a1d" />
    <TestEntry testId="342e21a0-94a9-43cc-ab14-8cec4f6fbc55" executionId="b3f52599-bc5e-4bb4-8029-d9ad4256ffb5" testListId="8c84fa94-04c1-424b-9868-57a2d4851a1d" />
    <TestEntry testId="820a0f51-6228-450d-8b8d-da6f18ded147" executionId="e57dbf65-4294-424f-8f1a-f12e8ad84081" testListId="8c84fa94-04c1-424b-9868-57a2d4851a1d" />
    <TestEntry testId="1736e399-b26b-4635-8f5b-1680d4880c56" executionId="206bb436-a70a-4572-8200-ff46c1cbad23" testListId="8c84fa94-04c1-424b-9868-57a2d4851a1d" />
    <TestEntry testId="6ab09f9b-9d14-40e8-a13d-c025beadb8d8" executionId="d396086a-1add-41cc-9eff-b1fd91a873c2" testListId="8c84fa94-04c1-424b-9868-57a2d4851a1d" />
    <TestEntry testId="56c437e0-a5b5-4ca2-90dc-24f6d28acd18" executionId="7426b8db-3a0d-40dd-9919-6f7b86ba85a6" testListId="8c84fa94-04c1-424b-9868-57a2d4851a1d" />
    <TestEntry testId="c0b2a615-9103-4e55-bb54-bc97938c69c6" executionId="bae2d0a2-132f-4a8e-8367-2d355504e248" testListId="8c84fa94-04c1-424b-9868-57a2d4851a1d" />
    <TestEntry testId="85eaa902-1bda-4092-8cf4-50120f9e65b3" executionId="c6570e54-7d40-4786-9fc0-4ee8aa9fb46b" testListId="8c84fa94-04c1-424b-9868-57a2d4851a1d" />
    <TestEntry testId="0d317ef4-202f-45a2-bf7f-92f564806a6b" executionId="c2d015c8-f810-4aed-b0b4-9cb2746ef206" testListId="8c84fa94-04c1-424b-9868-57a2d4851a1d" />
    <TestEntry testId="f82310d5-e6f7-40d0-b0e5-c1d0a5febb94" executionId="e68bab84-6073-4596-a14b-313c8678ac58" testListId="8c84fa94-04c1-424b-9868-57a2d4851a1d" />
    <TestEntry testId="c9680c3e-5110-471e-814f-fcaacd44487d" executionId="dfb55396-06ea-410c-b58f-68b5d78afae3" testListId="8c84fa94-04c1-424b-9868-57a2d4851a1d" />
    <TestEntry testId="c4e6b8a2-1654-4e0a-9c42-bdf691bead14" executionId="476edc3e-22a1-4cc0-9d97-edf7da123bc1" testListId="8c84fa94-04c1-424b-9868-57a2d4851a1d" />
    <TestEntry testId="9ea3697f-c953-4caf-8b96-efd7586a5b06" executionId="0d3d6ff7-d914-43ff-9aa0-2eb8b0d60c69" testListId="8c84fa94-04c1-424b-9868-57a2d4851a1d" />
    <TestEntry testId="4d5cfe66-b6a6-4f52-af88-e6abe5e35283" executionId="d453b27e-8b0e-4765-a83c-8a8123f3ceb1" testListId="8c84fa94-04c1-424b-9868-57a2d4851a1d" />
    <TestEntry testId="2771dd7f-26e7-4108-88fc-bec0e94ccffb" executionId="bb9c242d-c696-4052-af9f-51e676159175" testListId="8c84fa94-04c1-424b-9868-57a2d4851a1d" />
    <TestEntry testId="8e55d1ff-8673-4ee7-9e49-29b4bce1403c" executionId="77821060-8392-44dc-835c-241472fc3fa7" testListId="8c84fa94-04c1-424b-9868-57a2d4851a1d" />
    <TestEntry testId="b92ba234-f161-4095-ab1e-bcc92e190689" executionId="a3d75d8d-2b8c-4b89-b0ee-f1eae8c8a63c" testListId="8c84fa94-04c1-424b-9868-57a2d4851a1d" />
    <TestEntry testId="c293c43a-ee63-46a5-905d-adec9aadcec3" executionId="384a2661-7078-4dc5-8cd7-3aafa3b39206" testListId="8c84fa94-04c1-424b-9868-57a2d4851a1d" />
    <TestEntry testId="0a25ea2a-bb13-40cf-a1b3-c7b256079b9a" executionId="1628c0ef-fdfc-4b02-a9ce-858595a9647c" testListId="8c84fa94-04c1-424b-9868-57a2d4851a1d" />
    <TestEntry testId="01c4eae1-b548-4d13-bd33-c510949a2de4" executionId="8d7e1e8d-9def-45c5-be28-70e6a304f374" testListId="8c84fa94-04c1-424b-9868-57a2d4851a1d" />
    <TestEntry testId="d7c44511-3df1-4c07-bc4c-a419c74a2e93" executionId="deffa162-102f-419c-b5e7-e26db6241835" testListId="8c84fa94-04c1-424b-9868-57a2d4851a1d" />
    <TestEntry testId="0609bebc-f85b-4c8c-a880-f3dc8c518e3f" executionId="c4c7165e-5293-4069-a362-9a1e926947e6" testListId="8c84fa94-04c1-424b-9868-57a2d4851a1d" />
    <TestEntry testId="f7186cd9-06eb-458f-b97e-06f6220708ae" executionId="8b223b2b-805c-4c5d-9361-28e7786cfb70" testListId="8c84fa94-04c1-424b-9868-57a2d4851a1d" />
    <TestEntry testId="28fd7c76-3ff4-4e37-a051-5a460a1bc925" executionId="981fc739-1bad-4237-b633-92e37549d9bf" testListId="8c84fa94-04c1-424b-9868-57a2d4851a1d" />
    <TestEntry testId="7911ee4b-024a-4f55-90a7-19a7bccbe646" executionId="5f31300c-e29d-4a0d-ae81-c128946b397c" testListId="8c84fa94-04c1-424b-9868-57a2d4851a1d" />
    <TestEntry testId="80107c14-d010-4384-a2d7-adb4d6916028" executionId="5c4d25a7-181a-40ca-9882-d6bb12e0065c" testListId="8c84fa94-04c1-424b-9868-57a2d4851a1d" />
    <TestEntry testId="7a742fcb-3c82-4540-993e-282fe167e20a" executionId="07452664-f1f4-48fa-ae39-a1e2b368a29b" testListId="8c84fa94-04c1-424b-9868-57a2d4851a1d" />
    <TestEntry testId="48398670-0de8-4511-98be-2a959a131741" executionId="310f59f7-50c9-4098-94b1-541542482c3a" testListId="8c84fa94-04c1-424b-9868-57a2d4851a1d" />
    <TestEntry testId="4a1f00cb-47dc-4365-b74e-f820597be98e" executionId="df1a5b7d-562b-45e2-8f8c-cf97d22536e5" testListId="8c84fa94-04c1-424b-9868-57a2d4851a1d" />
    <TestEntry testId="956ab826-0b84-4395-8c6f-9609deec6378" executionId="e50a5f88-58ee-4831-8b66-9baef294b8b5" testListId="8c84fa94-04c1-424b-9868-57a2d4851a1d" />
  </TestEntries>
  <TestLists>
    <TestList name="Results Not in a List" id="8c84fa94-04c1-424b-9868-57a2d4851a1d" />
    <TestList name="All Loaded Results" id="19431567-8539-422a-85d7-44ee4e166bda" />
  </TestLists>
  <ResultSummary outcome="Failed">
    <Counters total="88" executed="84" passed="83" failed="1" error="0" timeout="0" aborted="0" inconclusive="0" passedButRunAborted="0" notRunnable="0" notExecuted="0" disconnected="0" warning="0" completed="0" inProgress="0" pending="0" />
    <Output>
      <StdOut>Test 'Microsoft.DotNet.Cli.Utils.Tests.GivenAProjectDependenciesCommandFactory.It_resolves_desktop_apps_when_configuration_is_Release' was skipped in the test run.Test 'Microsoft.DotNet.Cli.Utils.Tests.GivenAProjectDependenciesCommandFactory.It_resolves_desktop_apps_using_configuration_passed_to_create' was skipped in the test run.Test 'Microsoft.DotNet.Cli.Utils.Tests.GivenAProjectDependenciesCommandFactory.It_resolves_desktop_apps_defaulting_to_Debug_Configuration' was skipped in the test run.Test 'Microsoft.DotNet.Cli.Utils.Tests.GivenAProjectDependenciesCommandFactory.It_resolves_desktop_apps_when_configuration_is_Debug' was skipped in the test run.</StdOut>
    </Output>
  </ResultSummary>
</TestRun>